{"/Users/revinaawalia/Downloads/imron-hacktiv8-excercise/phase2/snp-500-ai/server/app.js": {"path":"/Users/revinaawalia/Downloads/imron-hacktiv8-excercise/phase2/snp-500-ai/server/app.js","statementMap":{"0":{"start":{"line":1,"column":0},"end":{"line":3,"column":1}},"1":{"start":{"line":2,"column":2},"end":{"line":2,"column":29}},"2":{"start":{"line":5,"column":16},"end":{"line":5,"column":34}},"3":{"start":{"line":6,"column":13},"end":{"line":6,"column":28}},"4":{"start":{"line":7,"column":15},"end":{"line":7,"column":34}},"5":{"start":{"line":8,"column":12},"end":{"line":8,"column":21}},"6":{"start":{"line":10,"column":0},"end":{"line":17,"column":2}},"7":{"start":{"line":20,"column":0},"end":{"line":24,"column":3}},"8":{"start":{"line":21,"column":2},"end":{"line":21,"column":61}},"9":{"start":{"line":22,"column":2},"end":{"line":22,"column":63}},"10":{"start":{"line":23,"column":2},"end":{"line":23,"column":9}},"11":{"start":{"line":26,"column":0},"end":{"line":26,"column":24}},"12":{"start":{"line":27,"column":0},"end":{"line":27,"column":48}},"13":{"start":{"line":28,"column":0},"end":{"line":28,"column":36}},"14":{"start":{"line":30,"column":0},"end":{"line":30,"column":24}},"15":{"start":{"line":36,"column":2},"end":{"line":36,"column":38}},"16":{"start":{"line":37,"column":2},"end":{"line":39,"column":5}},"17":{"start":{"line":42,"column":0},"end":{"line":42,"column":22}},"18":{"start":{"line":44,"column":0},"end":{"line":44,"column":21}},"19":{"start":{"line":45,"column":0},"end":{"line":45,"column":43}}},"fnMap":{"0":{"name":"(anonymous_0)","decl":{"start":{"line":20,"column":8},"end":{"line":20,"column":9}},"loc":{"start":{"line":20,"column":28},"end":{"line":24,"column":1}},"line":20},"1":{"name":"errorHandler","decl":{"start":{"line":35,"column":9},"end":{"line":35,"column":21}},"loc":{"start":{"line":35,"column":43},"end":{"line":40,"column":1}},"line":35}},"branchMap":{"0":{"loc":{"start":{"line":1,"column":0},"end":{"line":3,"column":1}},"type":"if","locations":[{"start":{"line":1,"column":0},"end":{"line":3,"column":1}},{"start":{},"end":{}}],"line":1},"1":{"loc":{"start":{"line":12,"column":12},"end":{"line":12,"column":64}},"type":"binary-expr","locations":[{"start":{"line":12,"column":12},"end":{"line":12,"column":37}},{"start":{"line":12,"column":41},"end":{"line":12,"column":64}}],"line":12},"2":{"loc":{"start":{"line":37,"column":13},"end":{"line":37,"column":30}},"type":"binary-expr","locations":[{"start":{"line":37,"column":13},"end":{"line":37,"column":23}},{"start":{"line":37,"column":27},"end":{"line":37,"column":30}}],"line":37},"3":{"loc":{"start":{"line":38,"column":13},"end":{"line":38,"column":51}},"type":"binary-expr","locations":[{"start":{"line":38,"column":13},"end":{"line":38,"column":24}},{"start":{"line":38,"column":28},"end":{"line":38,"column":51}}],"line":38}},"s":{"0":18,"1":17,"2":18,"3":18,"4":18,"5":18,"6":18,"7":18,"8":99,"9":99,"10":99,"11":18,"12":18,"13":18,"14":18,"15":3,"16":3,"17":18,"18":18,"19":18},"f":{"0":99,"1":3},"b":{"0":[17,1],"1":[18,7],"2":[3,1],"3":[3,1]},"_coverageSchema":"1a1c01bbd47fc00a2c39e90264f33305004495a9","hash":"c59d9b3b8f9f07f5d0fb1c61b28cad9d1126021a"}
,"/Users/revinaawalia/Downloads/imron-hacktiv8-excercise/phase2/snp-500-ai/server/constants/stocks.js": {"path":"/Users/revinaawalia/Downloads/imron-hacktiv8-excercise/phase2/snp-500-ai/server/constants/stocks.js","statementMap":{"0":{"start":{"line":1,"column":15},"end":{"line":81,"column":1}},"1":{"start":{"line":86,"column":23},"end":{"line":91,"column":1}},"2":{"start":{"line":93,"column":17},"end":{"line":94,"column":90}},"3":{"start":{"line":94,"column":2},"end":{"line":94,"column":90}},"4":{"start":{"line":96,"column":27},"end":{"line":99,"column":1}},"5":{"start":{"line":97,"column":16},"end":{"line":97,"column":50}},"6":{"start":{"line":98,"column":2},"end":{"line":98,"column":74}},"7":{"start":{"line":101,"column":26},"end":{"line":104,"column":1}},"8":{"start":{"line":102,"column":16},"end":{"line":102,"column":50}},"9":{"start":{"line":103,"column":2},"end":{"line":103,"column":73}},"10":{"start":{"line":108,"column":28},"end":{"line":113,"column":1}},"11":{"start":{"line":109,"column":16},"end":{"line":111,"column":3}},"12":{"start":{"line":110,"column":18},"end":{"line":110,"column":51}},"13":{"start":{"line":112,"column":2},"end":{"line":112,"column":37}},"14":{"start":{"line":115,"column":0},"end":{"line":122,"column":2}}},"fnMap":{"0":{"name":"(anonymous_0)","decl":{"start":{"line":93,"column":17},"end":{"line":93,"column":18}},"loc":{"start":{"line":94,"column":2},"end":{"line":94,"column":90}},"line":94},"1":{"name":"(anonymous_1)","decl":{"start":{"line":96,"column":27},"end":{"line":96,"column":28}},"loc":{"start":{"line":96,"column":39},"end":{"line":99,"column":1}},"line":96},"2":{"name":"(anonymous_2)","decl":{"start":{"line":101,"column":26},"end":{"line":101,"column":27}},"loc":{"start":{"line":101,"column":38},"end":{"line":104,"column":1}},"line":101},"3":{"name":"(anonymous_3)","decl":{"start":{"line":108,"column":28},"end":{"line":108,"column":29}},"loc":{"start":{"line":108,"column":42},"end":{"line":113,"column":1}},"line":108},"4":{"name":"(anonymous_4)","decl":{"start":{"line":110,"column":4},"end":{"line":110,"column":5}},"loc":{"start":{"line":110,"column":18},"end":{"line":110,"column":51}},"line":110}},"branchMap":{"0":{"loc":{"start":{"line":94,"column":62},"end":{"line":94,"column":74}},"type":"binary-expr","locations":[{"start":{"line":94,"column":62},"end":{"line":94,"column":68}},{"start":{"line":94,"column":72},"end":{"line":94,"column":74}}],"line":94},"1":{"loc":{"start":{"line":97,"column":23},"end":{"line":97,"column":35}},"type":"binary-expr","locations":[{"start":{"line":97,"column":23},"end":{"line":97,"column":29}},{"start":{"line":97,"column":33},"end":{"line":97,"column":35}}],"line":97},"2":{"loc":{"start":{"line":98,"column":9},"end":{"line":98,"column":73}},"type":"cond-expr","locations":[{"start":{"line":98,"column":27},"end":{"line":98,"column":65}},{"start":{"line":98,"column":68},"end":{"line":98,"column":73}}],"line":98},"3":{"loc":{"start":{"line":102,"column":23},"end":{"line":102,"column":35}},"type":"binary-expr","locations":[{"start":{"line":102,"column":23},"end":{"line":102,"column":29}},{"start":{"line":102,"column":33},"end":{"line":102,"column":35}}],"line":102},"4":{"loc":{"start":{"line":103,"column":9},"end":{"line":103,"column":72}},"type":"cond-expr","locations":[{"start":{"line":103,"column":27},"end":{"line":103,"column":64}},{"start":{"line":103,"column":67},"end":{"line":103,"column":72}}],"line":103},"5":{"loc":{"start":{"line":112,"column":9},"end":{"line":112,"column":36}},"type":"cond-expr","locations":[{"start":{"line":112,"column":17},"end":{"line":112,"column":25}},{"start":{"line":112,"column":28},"end":{"line":112,"column":36}}],"line":112}},"s":{"0":20,"1":20,"2":20,"3":63,"4":20,"5":39,"6":39,"7":20,"8":5,"9":5,"10":20,"11":2,"12":2,"13":2,"14":20},"f":{"0":63,"1":39,"2":5,"3":2,"4":2},"b":{"0":[63,9],"1":[39,3],"2":[10,29],"3":[5,3],"4":[1,4],"5":[1,1]},"_coverageSchema":"1a1c01bbd47fc00a2c39e90264f33305004495a9","hash":"61bc8d19d02aee7954bbb616e310570026590730"}
,"/Users/revinaawalia/Downloads/imron-hacktiv8-excercise/phase2/snp-500-ai/server/controllers/authController.js": {"path":"/Users/revinaawalia/Downloads/imron-hacktiv8-excercise/phase2/snp-500-ai/server/controllers/authController.js","statementMap":{"0":{"start":{"line":1,"column":28},"end":{"line":1,"column":56}},"1":{"start":{"line":2,"column":22},"end":{"line":2,"column":47}},"2":{"start":{"line":3,"column":17},"end":{"line":3,"column":37}},"3":{"start":{"line":4,"column":25},"end":{"line":4,"column":55}},"4":{"start":{"line":6,"column":25},"end":{"line":6,"column":53}},"5":{"start":{"line":7,"column":0},"end":{"line":7,"column":73}},"6":{"start":{"line":8,"column":21},"end":{"line":8,"column":81}},"7":{"start":{"line":12,"column":4},"end":{"line":53,"column":5}},"8":{"start":{"line":13,"column":40},"end":{"line":13,"column":48}},"9":{"start":{"line":15,"column":6},"end":{"line":17,"column":7}},"10":{"start":{"line":16,"column":8},"end":{"line":16,"column":89}},"11":{"start":{"line":19,"column":6},"end":{"line":21,"column":7}},"12":{"start":{"line":20,"column":8},"end":{"line":20,"column":89}},"13":{"start":{"line":23,"column":27},"end":{"line":23,"column":67}},"14":{"start":{"line":24,"column":6},"end":{"line":26,"column":7}},"15":{"start":{"line":25,"column":8},"end":{"line":25,"column":75}},"16":{"start":{"line":28,"column":19},"end":{"line":32,"column":8}},"17":{"start":{"line":34,"column":22},"end":{"line":38,"column":7}},"18":{"start":{"line":40,"column":27},"end":{"line":40,"column":45}},"19":{"start":{"line":42,"column":6},"end":{"line":50,"column":9}},"20":{"start":{"line":52,"column":6},"end":{"line":52,"column":18}},"21":{"start":{"line":57,"column":4},"end":{"line":100,"column":5}},"22":{"start":{"line":58,"column":34},"end":{"line":58,"column":42}},"23":{"start":{"line":60,"column":6},"end":{"line":62,"column":7}},"24":{"start":{"line":61,"column":8},"end":{"line":61,"column":82}},"25":{"start":{"line":64,"column":19},"end":{"line":64,"column":59}},"26":{"start":{"line":66,"column":6},"end":{"line":68,"column":7}},"27":{"start":{"line":67,"column":8},"end":{"line":67,"column":78}},"28":{"start":{"line":70,"column":6},"end":{"line":72,"column":7}},"29":{"start":{"line":71,"column":8},"end":{"line":71,"column":85}},"30":{"start":{"line":74,"column":6},"end":{"line":76,"column":7}},"31":{"start":{"line":75,"column":8},"end":{"line":75,"column":78}},"32":{"start":{"line":78,"column":6},"end":{"line":78,"column":38}},"33":{"start":{"line":79,"column":6},"end":{"line":79,"column":24}},"34":{"start":{"line":81,"column":22},"end":{"line":85,"column":7}},"35":{"start":{"line":87,"column":27},"end":{"line":87,"column":45}},"36":{"start":{"line":89,"column":6},"end":{"line":97,"column":9}},"37":{"start":{"line":99,"column":6},"end":{"line":99,"column":18}},"38":{"start":{"line":104,"column":4},"end":{"line":170,"column":5}},"39":{"start":{"line":105,"column":27},"end":{"line":105,"column":35}},"40":{"start":{"line":107,"column":6},"end":{"line":109,"column":7}},"41":{"start":{"line":108,"column":8},"end":{"line":108,"column":142}},"42":{"start":{"line":111,"column":6},"end":{"line":113,"column":7}},"43":{"start":{"line":112,"column":8},"end":{"line":112,"column":71}},"44":{"start":{"line":115,"column":21},"end":{"line":118,"column":8}},"45":{"start":{"line":120,"column":22},"end":{"line":120,"column":41}},"46":{"start":{"line":121,"column":55},"end":{"line":121,"column":62}},"47":{"start":{"line":123,"column":17},"end":{"line":123,"column":61}},"48":{"start":{"line":125,"column":6},"end":{"line":144,"column":7}},"49":{"start":{"line":126,"column":8},"end":{"line":126,"column":56}},"50":{"start":{"line":127,"column":8},"end":{"line":140,"column":9}},"51":{"start":{"line":128,"column":10},"end":{"line":128,"column":37}},"52":{"start":{"line":129,"column":10},"end":{"line":129,"column":42}},"53":{"start":{"line":130,"column":10},"end":{"line":130,"column":49}},"54":{"start":{"line":130,"column":23},"end":{"line":130,"column":49}},"55":{"start":{"line":131,"column":10},"end":{"line":131,"column":28}},"56":{"start":{"line":133,"column":10},"end":{"line":139,"column":13}},"57":{"start":{"line":142,"column":8},"end":{"line":142,"column":40}},"58":{"start":{"line":143,"column":8},"end":{"line":143,"column":26}},"59":{"start":{"line":146,"column":27},"end":{"line":150,"column":7}},"60":{"start":{"line":152,"column":27},"end":{"line":152,"column":50}},"61":{"start":{"line":154,"column":6},"end":{"line":163,"column":9}},"62":{"start":{"line":165,"column":6},"end":{"line":169,"column":7}},"63":{"start":{"line":166,"column":8},"end":{"line":166,"column":20}},"64":{"start":{"line":168,"column":8},"end":{"line":168,"column":76}},"65":{"start":{"line":174,"column":4},"end":{"line":204,"column":5}},"66":{"start":{"line":175,"column":21},"end":{"line":175,"column":34}},"67":{"start":{"line":176,"column":35},"end":{"line":176,"column":43}},"68":{"start":{"line":178,"column":19},"end":{"line":178,"column":42}},"69":{"start":{"line":179,"column":6},"end":{"line":181,"column":7}},"70":{"start":{"line":180,"column":8},"end":{"line":180,"column":63}},"71":{"start":{"line":183,"column":6},"end":{"line":185,"column":7}},"72":{"start":{"line":184,"column":8},"end":{"line":184,"column":71}},"73":{"start":{"line":187,"column":22},"end":{"line":187,"column":24}},"74":{"start":{"line":188,"column":6},"end":{"line":188,"column":65}},"75":{"start":{"line":188,"column":30},"end":{"line":188,"column":65}},"76":{"start":{"line":189,"column":6},"end":{"line":189,"column":68}},"77":{"start":{"line":189,"column":36},"end":{"line":189,"column":68}},"78":{"start":{"line":191,"column":6},"end":{"line":191,"column":33}},"79":{"start":{"line":193,"column":6},"end":{"line":201,"column":9}},"80":{"start":{"line":203,"column":6},"end":{"line":203,"column":18}},"81":{"start":{"line":208,"column":4},"end":{"line":232,"column":5}},"82":{"start":{"line":209,"column":21},"end":{"line":209,"column":34}},"83":{"start":{"line":211,"column":19},"end":{"line":214,"column":8}},"84":{"start":{"line":216,"column":6},"end":{"line":218,"column":7}},"85":{"start":{"line":217,"column":8},"end":{"line":217,"column":63}},"86":{"start":{"line":220,"column":6},"end":{"line":229,"column":9}},"87":{"start":{"line":231,"column":6},"end":{"line":231,"column":18}},"88":{"start":{"line":236,"column":0},"end":{"line":236,"column":36}}},"fnMap":{"0":{"name":"(anonymous_0)","decl":{"start":{"line":11,"column":2},"end":{"line":11,"column":3}},"loc":{"start":{"line":11,"column":40},"end":{"line":54,"column":3}},"line":11},"1":{"name":"(anonymous_1)","decl":{"start":{"line":56,"column":2},"end":{"line":56,"column":3}},"loc":{"start":{"line":56,"column":37},"end":{"line":101,"column":3}},"line":56},"2":{"name":"(anonymous_2)","decl":{"start":{"line":103,"column":2},"end":{"line":103,"column":3}},"loc":{"start":{"line":103,"column":43},"end":{"line":171,"column":3}},"line":103},"3":{"name":"(anonymous_3)","decl":{"start":{"line":173,"column":2},"end":{"line":173,"column":3}},"loc":{"start":{"line":173,"column":45},"end":{"line":205,"column":3}},"line":173},"4":{"name":"(anonymous_4)","decl":{"start":{"line":207,"column":2},"end":{"line":207,"column":3}},"loc":{"start":{"line":207,"column":37},"end":{"line":233,"column":3}},"line":207}},"branchMap":{"0":{"loc":{"start":{"line":7,"column":40},"end":{"line":7,"column":71}},"type":"cond-expr","locations":[{"start":{"line":7,"column":59},"end":{"line":7,"column":64}},{"start":{"line":7,"column":67},"end":{"line":7,"column":71}}],"line":7},"1":{"loc":{"start":{"line":8,"column":21},"end":{"line":8,"column":81}},"type":"cond-expr","locations":[{"start":{"line":8,"column":40},"end":{"line":8,"column":74}},{"start":{"line":8,"column":77},"end":{"line":8,"column":81}}],"line":8},"2":{"loc":{"start":{"line":15,"column":6},"end":{"line":17,"column":7}},"type":"if","locations":[{"start":{"line":15,"column":6},"end":{"line":17,"column":7}},{"start":{},"end":{}}],"line":15},"3":{"loc":{"start":{"line":15,"column":10},"end":{"line":15,"column":38}},"type":"binary-expr","locations":[{"start":{"line":15,"column":10},"end":{"line":15,"column":16}},{"start":{"line":15,"column":20},"end":{"line":15,"column":29}},{"start":{"line":15,"column":33},"end":{"line":15,"column":38}}],"line":15},"4":{"loc":{"start":{"line":19,"column":6},"end":{"line":21,"column":7}},"type":"if","locations":[{"start":{"line":19,"column":6},"end":{"line":21,"column":7}},{"start":{},"end":{}}],"line":19},"5":{"loc":{"start":{"line":24,"column":6},"end":{"line":26,"column":7}},"type":"if","locations":[{"start":{"line":24,"column":6},"end":{"line":26,"column":7}},{"start":{},"end":{}}],"line":24},"6":{"loc":{"start":{"line":60,"column":6},"end":{"line":62,"column":7}},"type":"if","locations":[{"start":{"line":60,"column":6},"end":{"line":62,"column":7}},{"start":{},"end":{}}],"line":60},"7":{"loc":{"start":{"line":60,"column":10},"end":{"line":60,"column":29}},"type":"binary-expr","locations":[{"start":{"line":60,"column":10},"end":{"line":60,"column":16}},{"start":{"line":60,"column":20},"end":{"line":60,"column":29}}],"line":60},"8":{"loc":{"start":{"line":66,"column":6},"end":{"line":68,"column":7}},"type":"if","locations":[{"start":{"line":66,"column":6},"end":{"line":68,"column":7}},{"start":{},"end":{}}],"line":66},"9":{"loc":{"start":{"line":70,"column":6},"end":{"line":72,"column":7}},"type":"if","locations":[{"start":{"line":70,"column":6},"end":{"line":72,"column":7}},{"start":{},"end":{}}],"line":70},"10":{"loc":{"start":{"line":74,"column":6},"end":{"line":76,"column":7}},"type":"if","locations":[{"start":{"line":74,"column":6},"end":{"line":76,"column":7}},{"start":{},"end":{}}],"line":74},"11":{"loc":{"start":{"line":107,"column":6},"end":{"line":109,"column":7}},"type":"if","locations":[{"start":{"line":107,"column":6},"end":{"line":109,"column":7}},{"start":{},"end":{}}],"line":107},"12":{"loc":{"start":{"line":107,"column":10},"end":{"line":107,"column":44}},"type":"binary-expr","locations":[{"start":{"line":107,"column":10},"end":{"line":107,"column":27}},{"start":{"line":107,"column":31},"end":{"line":107,"column":44}}],"line":107},"13":{"loc":{"start":{"line":111,"column":6},"end":{"line":113,"column":7}},"type":"if","locations":[{"start":{"line":111,"column":6},"end":{"line":113,"column":7}},{"start":{},"end":{}}],"line":111},"14":{"loc":{"start":{"line":125,"column":6},"end":{"line":144,"column":7}},"type":"if","locations":[{"start":{"line":125,"column":6},"end":{"line":144,"column":7}},{"start":{"line":141,"column":13},"end":{"line":144,"column":7}}],"line":125},"15":{"loc":{"start":{"line":127,"column":8},"end":{"line":140,"column":9}},"type":"if","locations":[{"start":{"line":127,"column":8},"end":{"line":140,"column":9}},{"start":{"line":132,"column":15},"end":{"line":140,"column":9}}],"line":127},"16":{"loc":{"start":{"line":130,"column":10},"end":{"line":130,"column":49}},"type":"if","locations":[{"start":{"line":130,"column":10},"end":{"line":130,"column":49}},{"start":{},"end":{}}],"line":130},"17":{"loc":{"start":{"line":165,"column":6},"end":{"line":169,"column":7}},"type":"if","locations":[{"start":{"line":165,"column":6},"end":{"line":169,"column":7}},{"start":{"line":167,"column":13},"end":{"line":169,"column":7}}],"line":165},"18":{"loc":{"start":{"line":165,"column":10},"end":{"line":165,"column":76}},"type":"binary-expr","locations":[{"start":{"line":165,"column":10},"end":{"line":165,"column":45}},{"start":{"line":165,"column":49},"end":{"line":165,"column":76}}],"line":165},"19":{"loc":{"start":{"line":179,"column":6},"end":{"line":181,"column":7}},"type":"if","locations":[{"start":{"line":179,"column":6},"end":{"line":181,"column":7}},{"start":{},"end":{}}],"line":179},"20":{"loc":{"start":{"line":183,"column":6},"end":{"line":185,"column":7}},"type":"if","locations":[{"start":{"line":183,"column":6},"end":{"line":185,"column":7}},{"start":{},"end":{}}],"line":183},"21":{"loc":{"start":{"line":183,"column":10},"end":{"line":183,"column":63}},"type":"binary-expr","locations":[{"start":{"line":183,"column":10},"end":{"line":183,"column":28}},{"start":{"line":183,"column":33},"end":{"line":183,"column":38}},{"start":{"line":183,"column":42},"end":{"line":183,"column":62}}],"line":183},"22":{"loc":{"start":{"line":188,"column":6},"end":{"line":188,"column":65}},"type":"if","locations":[{"start":{"line":188,"column":6},"end":{"line":188,"column":65}},{"start":{},"end":{}}],"line":188},"23":{"loc":{"start":{"line":189,"column":6},"end":{"line":189,"column":68}},"type":"if","locations":[{"start":{"line":189,"column":6},"end":{"line":189,"column":68}},{"start":{},"end":{}}],"line":189},"24":{"loc":{"start":{"line":216,"column":6},"end":{"line":218,"column":7}},"type":"if","locations":[{"start":{"line":216,"column":6},"end":{"line":218,"column":7}},{"start":{},"end":{}}],"line":216}},"s":{"0":18,"1":18,"2":18,"3":18,"4":18,"5":18,"6":18,"7":10,"8":10,"9":10,"10":4,"11":6,"12":1,"13":5,"14":5,"15":3,"16":2,"17":1,"18":1,"19":1,"20":9,"21":5,"22":5,"23":5,"24":2,"25":3,"26":3,"27":1,"28":2,"29":0,"30":2,"31":1,"32":1,"33":1,"34":1,"35":1,"36":1,"37":4,"38":6,"39":6,"40":6,"41":0,"42":6,"43":2,"44":4,"45":0,"46":0,"47":0,"48":0,"49":0,"50":0,"51":0,"52":0,"53":0,"54":0,"55":0,"56":0,"57":0,"58":0,"59":0,"60":0,"61":0,"62":6,"63":2,"64":4,"65":4,"66":4,"67":4,"68":4,"69":4,"70":0,"71":4,"72":1,"73":3,"74":3,"75":2,"76":3,"77":2,"78":3,"79":3,"80":1,"81":1,"82":1,"83":1,"84":1,"85":0,"86":1,"87":0,"88":18},"f":{"0":10,"1":5,"2":6,"3":4,"4":1},"b":{"0":[10,8],"1":[10,8],"2":[4,6],"3":[10,7,6],"4":[1,5],"5":[3,2],"6":[2,3],"7":[5,3],"8":[1,2],"9":[0,2],"10":[1,1],"11":[0,6],"12":[6,6],"13":[2,4],"14":[0,0],"15":[0,0],"16":[0,0],"17":[2,4],"18":[6,6],"19":[0,4],"20":[1,3],"21":[4,3,2],"22":[2,1],"23":[2,1],"24":[0,1]},"_coverageSchema":"1a1c01bbd47fc00a2c39e90264f33305004495a9","hash":"bdc3946bfb73193eb46e9bb1b5acf99b2b3e7656"}
,"/Users/revinaawalia/Downloads/imron-hacktiv8-excercise/phase2/snp-500-ai/server/controllers/marketController.js": {"path":"/Users/revinaawalia/Downloads/imron-hacktiv8-excercise/phase2/snp-500-ai/server/controllers/marketController.js","statementMap":{"0":{"start":{"line":1,"column":18},"end":{"line":1,"column":38}},"1":{"start":{"line":5,"column":4},"end":{"line":34,"column":5}},"2":{"start":{"line":6,"column":22},"end":{"line":10,"column":8}},"3":{"start":{"line":12,"column":21},"end":{"line":16,"column":8}},"4":{"start":{"line":18,"column":26},"end":{"line":26,"column":8}},"5":{"start":{"line":18,"column":38},"end":{"line":26,"column":7}},"6":{"start":{"line":28,"column":6},"end":{"line":31,"column":9}},"7":{"start":{"line":33,"column":6},"end":{"line":33,"column":18}},"8":{"start":{"line":38,"column":0},"end":{"line":38,"column":38}}},"fnMap":{"0":{"name":"(anonymous_0)","decl":{"start":{"line":4,"column":2},"end":{"line":4,"column":3}},"loc":{"start":{"line":4,"column":41},"end":{"line":35,"column":3}},"line":4},"1":{"name":"(anonymous_1)","decl":{"start":{"line":18,"column":26},"end":{"line":18,"column":27}},"loc":{"start":{"line":18,"column":38},"end":{"line":26,"column":7}},"line":18}},"branchMap":{"0":{"loc":{"start":{"line":19,"column":12},"end":{"line":19,"column":47}},"type":"cond-expr","locations":[{"start":{"line":19,"column":26},"end":{"line":19,"column":40}},{"start":{"line":19,"column":43},"end":{"line":19,"column":47}}],"line":19},"1":{"loc":{"start":{"line":20,"column":16},"end":{"line":20,"column":55}},"type":"cond-expr","locations":[{"start":{"line":20,"column":30},"end":{"line":20,"column":48}},{"start":{"line":20,"column":51},"end":{"line":20,"column":55}}],"line":20},"2":{"loc":{"start":{"line":21,"column":14},"end":{"line":21,"column":51}},"type":"cond-expr","locations":[{"start":{"line":21,"column":28},"end":{"line":21,"column":44}},{"start":{"line":21,"column":47},"end":{"line":21,"column":51}}],"line":21},"3":{"loc":{"start":{"line":22,"column":16},"end":{"line":22,"column":55}},"type":"cond-expr","locations":[{"start":{"line":22,"column":30},"end":{"line":22,"column":48}},{"start":{"line":22,"column":51},"end":{"line":22,"column":55}}],"line":22}},"s":{"0":19,"1":7,"2":7,"3":6,"4":6,"5":18,"6":6,"7":1,"8":19},"f":{"0":7,"1":18},"b":{"0":[17,1],"1":[17,1],"2":[17,1],"3":[17,1]},"_coverageSchema":"1a1c01bbd47fc00a2c39e90264f33305004495a9","hash":"eeba3bc4e6b714c799caf40f98a2c1dd8c433d86"}
,"/Users/revinaawalia/Downloads/imron-hacktiv8-excercise/phase2/snp-500-ai/server/controllers/stockController.js": {"path":"/Users/revinaawalia/Downloads/imron-hacktiv8-excercise/phase2/snp-500-ai/server/controllers/stockController.js","statementMap":{"0":{"start":{"line":1,"column":50},"end":{"line":1,"column":70}},"1":{"start":{"line":2,"column":23},"end":{"line":2,"column":60}},"2":{"start":{"line":3,"column":26},"end":{"line":3,"column":66}},"3":{"start":{"line":4,"column":22},"end":{"line":4,"column":58}},"4":{"start":{"line":5,"column":21},"end":{"line":5,"column":51}},"5":{"start":{"line":9,"column":4},"end":{"line":41,"column":5}},"6":{"start":{"line":10,"column":25},"end":{"line":10,"column":34}},"7":{"start":{"line":12,"column":26},"end":{"line":12,"column":28}},"8":{"start":{"line":13,"column":6},"end":{"line":15,"column":7}},"9":{"start":{"line":14,"column":8},"end":{"line":14,"column":36}},"10":{"start":{"line":17,"column":21},"end":{"line":26,"column":8}},"11":{"start":{"line":28,"column":21},"end":{"line":36,"column":9}},"12":{"start":{"line":28,"column":44},"end":{"line":36,"column":7}},"13":{"start":{"line":38,"column":6},"end":{"line":38,"column":47}},"14":{"start":{"line":40,"column":6},"end":{"line":40,"column":18}},"15":{"start":{"line":45,"column":4},"end":{"line":116,"column":5}},"16":{"start":{"line":46,"column":25},"end":{"line":46,"column":35}},"17":{"start":{"line":48,"column":20},"end":{"line":56,"column":8}},"18":{"start":{"line":58,"column":6},"end":{"line":60,"column":7}},"19":{"start":{"line":59,"column":8},"end":{"line":59,"column":64}},"20":{"start":{"line":66,"column":6},"end":{"line":86,"column":7}},"21":{"start":{"line":72,"column":8},"end":{"line":85,"column":9}},"22":{"start":{"line":73,"column":26},"end":{"line":73,"column":78}},"23":{"start":{"line":74,"column":10},"end":{"line":82,"column":11}},"24":{"start":{"line":75,"column":12},"end":{"line":81,"column":15}},"25":{"start":{"line":84,"column":10},"end":{"line":84,"column":79}},"26":{"start":{"line":88,"column":6},"end":{"line":113,"column":9}},"27":{"start":{"line":115,"column":6},"end":{"line":115,"column":18}},"28":{"start":{"line":120,"column":4},"end":{"line":227,"column":5}},"29":{"start":{"line":121,"column":25},"end":{"line":121,"column":35}},"30":{"start":{"line":122,"column":50},"end":{"line":122,"column":59}},"31":{"start":{"line":126,"column":30},"end":{"line":126,"column":80}},"32":{"start":{"line":127,"column":31},"end":{"line":127,"column":83}},"33":{"start":{"line":129,"column":20},"end":{"line":129,"column":84}},"34":{"start":{"line":130,"column":6},"end":{"line":132,"column":7}},"35":{"start":{"line":131,"column":8},"end":{"line":131,"column":64}},"36":{"start":{"line":135,"column":18},"end":{"line":135,"column":28}},"37":{"start":{"line":136,"column":22},"end":{"line":136,"column":32}},"38":{"start":{"line":138,"column":6},"end":{"line":153,"column":7}},"39":{"start":{"line":140,"column":10},"end":{"line":140,"column":49}},"40":{"start":{"line":141,"column":10},"end":{"line":141,"column":16}},"41":{"start":{"line":143,"column":10},"end":{"line":143,"column":49}},"42":{"start":{"line":144,"column":10},"end":{"line":144,"column":16}},"43":{"start":{"line":146,"column":10},"end":{"line":146,"column":55}},"44":{"start":{"line":147,"column":10},"end":{"line":147,"column":16}},"45":{"start":{"line":149,"column":10},"end":{"line":149,"column":55}},"46":{"start":{"line":150,"column":10},"end":{"line":150,"column":16}},"47":{"start":{"line":152,"column":10},"end":{"line":152,"column":49}},"48":{"start":{"line":155,"column":21},"end":{"line":155,"column":41}},"49":{"start":{"line":157,"column":20},"end":{"line":166,"column":8}},"50":{"start":{"line":169,"column":6},"end":{"line":213,"column":7}},"51":{"start":{"line":170,"column":8},"end":{"line":212,"column":9}},"52":{"start":{"line":172,"column":27},"end":{"line":174,"column":34}},"53":{"start":{"line":176,"column":36},"end":{"line":180,"column":11}},"54":{"start":{"line":182,"column":10},"end":{"line":209,"column":11}},"55":{"start":{"line":183,"column":34},"end":{"line":192,"column":15}},"56":{"start":{"line":183,"column":64},"end":{"line":192,"column":13}},"57":{"start":{"line":194,"column":12},"end":{"line":196,"column":15}},"58":{"start":{"line":199,"column":12},"end":{"line":208,"column":15}},"59":{"start":{"line":211,"column":10},"end":{"line":211,"column":93}},"60":{"start":{"line":215,"column":21},"end":{"line":222,"column":9}},"61":{"start":{"line":215,"column":41},"end":{"line":222,"column":7}},"62":{"start":{"line":224,"column":6},"end":{"line":224,"column":45}},"63":{"start":{"line":226,"column":6},"end":{"line":226,"column":18}},"64":{"start":{"line":231,"column":4},"end":{"line":299,"column":5}},"65":{"start":{"line":232,"column":25},"end":{"line":232,"column":35}},"66":{"start":{"line":233,"column":29},"end":{"line":233,"column":38}},"67":{"start":{"line":235,"column":20},"end":{"line":235,"column":84}},"68":{"start":{"line":236,"column":6},"end":{"line":238,"column":7}},"69":{"start":{"line":237,"column":8},"end":{"line":237,"column":64}},"70":{"start":{"line":240,"column":17},"end":{"line":244,"column":8}},"71":{"start":{"line":246,"column":26},"end":{"line":246,"column":67}},"72":{"start":{"line":247,"column":27},"end":{"line":247,"column":82}},"73":{"start":{"line":249,"column":6},"end":{"line":285,"column":7}},"74":{"start":{"line":250,"column":8},"end":{"line":284,"column":9}},"75":{"start":{"line":251,"column":24},"end":{"line":251,"column":62}},"76":{"start":{"line":252,"column":26},"end":{"line":252,"column":100}},"77":{"start":{"line":255,"column":30},"end":{"line":257,"column":93}},"78":{"start":{"line":259,"column":10},"end":{"line":281,"column":11}},"79":{"start":{"line":260,"column":12},"end":{"line":260,"column":66}},"80":{"start":{"line":262,"column":32},"end":{"line":270,"column":15}},"81":{"start":{"line":262,"column":56},"end":{"line":270,"column":13}},"82":{"start":{"line":272,"column":12},"end":{"line":274,"column":15}},"83":{"start":{"line":276,"column":12},"end":{"line":280,"column":15}},"84":{"start":{"line":283,"column":10},"end":{"line":283,"column":94}},"85":{"start":{"line":287,"column":21},"end":{"line":294,"column":9}},"86":{"start":{"line":287,"column":38},"end":{"line":294,"column":7}},"87":{"start":{"line":296,"column":6},"end":{"line":296,"column":49}},"88":{"start":{"line":298,"column":6},"end":{"line":298,"column":18}},"89":{"start":{"line":303,"column":4},"end":{"line":383,"column":5}},"90":{"start":{"line":304,"column":25},"end":{"line":304,"column":35}},"91":{"start":{"line":306,"column":20},"end":{"line":306,"column":84}},"92":{"start":{"line":307,"column":6},"end":{"line":309,"column":7}},"93":{"start":{"line":308,"column":8},"end":{"line":308,"column":64}},"94":{"start":{"line":311,"column":20},"end":{"line":314,"column":8}},"95":{"start":{"line":316,"column":24},"end":{"line":316,"column":66}},"96":{"start":{"line":317,"column":27},"end":{"line":317,"column":71}},"97":{"start":{"line":320,"column":6},"end":{"line":368,"column":7}},"98":{"start":{"line":321,"column":8},"end":{"line":367,"column":9}},"99":{"start":{"line":322,"column":24},"end":{"line":322,"column":78}},"100":{"start":{"line":323,"column":32},"end":{"line":327,"column":12}},"101":{"start":{"line":328,"column":29},"end":{"line":332,"column":12}},"102":{"start":{"line":334,"column":28},"end":{"line":350,"column":11}},"103":{"start":{"line":345,"column":49},"end":{"line":345,"column":59}},"104":{"start":{"line":346,"column":52},"end":{"line":349,"column":13}},"105":{"start":{"line":352,"column":35},"end":{"line":352,"column":81}},"106":{"start":{"line":354,"column":28},"end":{"line":354,"column":70}},"107":{"start":{"line":356,"column":10},"end":{"line":361,"column":13}},"108":{"start":{"line":363,"column":10},"end":{"line":363,"column":90}},"109":{"start":{"line":364,"column":10},"end":{"line":366,"column":11}},"110":{"start":{"line":365,"column":12},"end":{"line":365,"column":34}},"111":{"start":{"line":370,"column":6},"end":{"line":372,"column":7}},"112":{"start":{"line":371,"column":8},"end":{"line":371,"column":73}},"113":{"start":{"line":374,"column":6},"end":{"line":380,"column":9}},"114":{"start":{"line":382,"column":6},"end":{"line":382,"column":18}},"115":{"start":{"line":387,"column":0},"end":{"line":387,"column":37}}},"fnMap":{"0":{"name":"(anonymous_0)","decl":{"start":{"line":8,"column":2},"end":{"line":8,"column":3}},"loc":{"start":{"line":8,"column":38},"end":{"line":42,"column":3}},"line":8},"1":{"name":"(anonymous_1)","decl":{"start":{"line":28,"column":32},"end":{"line":28,"column":33}},"loc":{"start":{"line":28,"column":44},"end":{"line":36,"column":7}},"line":28},"2":{"name":"(anonymous_2)","decl":{"start":{"line":44,"column":2},"end":{"line":44,"column":3}},"loc":{"start":{"line":44,"column":43},"end":{"line":117,"column":3}},"line":44},"3":{"name":"(anonymous_3)","decl":{"start":{"line":119,"column":2},"end":{"line":119,"column":3}},"loc":{"start":{"line":119,"column":42},"end":{"line":228,"column":3}},"line":119},"4":{"name":"(anonymous_4)","decl":{"start":{"line":183,"column":56},"end":{"line":183,"column":57}},"loc":{"start":{"line":183,"column":64},"end":{"line":192,"column":13}},"line":183},"5":{"name":"(anonymous_5)","decl":{"start":{"line":215,"column":33},"end":{"line":215,"column":34}},"loc":{"start":{"line":215,"column":41},"end":{"line":222,"column":7}},"line":215},"6":{"name":"(anonymous_6)","decl":{"start":{"line":230,"column":2},"end":{"line":230,"column":3}},"loc":{"start":{"line":230,"column":39},"end":{"line":300,"column":3}},"line":230},"7":{"name":"(anonymous_7)","decl":{"start":{"line":262,"column":48},"end":{"line":262,"column":49}},"loc":{"start":{"line":262,"column":56},"end":{"line":270,"column":13}},"line":262},"8":{"name":"(anonymous_8)","decl":{"start":{"line":287,"column":30},"end":{"line":287,"column":31}},"loc":{"start":{"line":287,"column":38},"end":{"line":294,"column":7}},"line":287},"9":{"name":"(anonymous_9)","decl":{"start":{"line":302,"column":2},"end":{"line":302,"column":3}},"loc":{"start":{"line":302,"column":42},"end":{"line":384,"column":3}},"line":302},"10":{"name":"(anonymous_10)","decl":{"start":{"line":345,"column":42},"end":{"line":345,"column":43}},"loc":{"start":{"line":345,"column":49},"end":{"line":345,"column":59}},"line":345},"11":{"name":"(anonymous_11)","decl":{"start":{"line":346,"column":44},"end":{"line":346,"column":45}},"loc":{"start":{"line":346,"column":52},"end":{"line":349,"column":13}},"line":346}},"branchMap":{"0":{"loc":{"start":{"line":13,"column":6},"end":{"line":15,"column":7}},"type":"if","locations":[{"start":{"line":13,"column":6},"end":{"line":15,"column":7}},{"start":{},"end":{}}],"line":13},"1":{"loc":{"start":{"line":13,"column":10},"end":{"line":13,"column":36}},"type":"binary-expr","locations":[{"start":{"line":13,"column":10},"end":{"line":13,"column":16}},{"start":{"line":13,"column":20},"end":{"line":13,"column":36}}],"line":13},"2":{"loc":{"start":{"line":33,"column":15},"end":{"line":33,"column":61}},"type":"cond-expr","locations":[{"start":{"line":33,"column":29},"end":{"line":33,"column":54}},{"start":{"line":33,"column":57},"end":{"line":33,"column":61}}],"line":33},"3":{"loc":{"start":{"line":34,"column":16},"end":{"line":34,"column":55}},"type":"cond-expr","locations":[{"start":{"line":34,"column":30},"end":{"line":34,"column":48}},{"start":{"line":34,"column":51},"end":{"line":34,"column":55}}],"line":34},"4":{"loc":{"start":{"line":35,"column":24},"end":{"line":35,"column":71}},"type":"cond-expr","locations":[{"start":{"line":35,"column":38},"end":{"line":35,"column":64}},{"start":{"line":35,"column":67},"end":{"line":35,"column":71}}],"line":35},"5":{"loc":{"start":{"line":58,"column":6},"end":{"line":60,"column":7}},"type":"if","locations":[{"start":{"line":58,"column":6},"end":{"line":60,"column":7}},{"start":{},"end":{}}],"line":58},"6":{"loc":{"start":{"line":66,"column":6},"end":{"line":86,"column":7}},"type":"if","locations":[{"start":{"line":66,"column":6},"end":{"line":86,"column":7}},{"start":{},"end":{}}],"line":66},"7":{"loc":{"start":{"line":67,"column":8},"end":{"line":70,"column":35}},"type":"binary-expr","locations":[{"start":{"line":67,"column":8},"end":{"line":67,"column":31}},{"start":{"line":68,"column":8},"end":{"line":68,"column":32}},{"start":{"line":69,"column":8},"end":{"line":69,"column":30}},{"start":{"line":70,"column":8},"end":{"line":70,"column":35}}],"line":67},"8":{"loc":{"start":{"line":74,"column":10},"end":{"line":82,"column":11}},"type":"if","locations":[{"start":{"line":74,"column":10},"end":{"line":82,"column":11}},{"start":{},"end":{}}],"line":74},"9":{"loc":{"start":{"line":76,"column":26},"end":{"line":76,"column":64}},"type":"binary-expr","locations":[{"start":{"line":76,"column":26},"end":{"line":76,"column":44}},{"start":{"line":76,"column":48},"end":{"line":76,"column":64}}],"line":76},"10":{"loc":{"start":{"line":77,"column":24},"end":{"line":77,"column":58}},"type":"binary-expr","locations":[{"start":{"line":77,"column":24},"end":{"line":77,"column":40}},{"start":{"line":77,"column":44},"end":{"line":77,"column":58}}],"line":77},"11":{"loc":{"start":{"line":78,"column":27},"end":{"line":78,"column":67}},"type":"binary-expr","locations":[{"start":{"line":78,"column":27},"end":{"line":78,"column":46}},{"start":{"line":78,"column":50},"end":{"line":78,"column":67}}],"line":78},"12":{"loc":{"start":{"line":79,"column":26},"end":{"line":79,"column":64}},"type":"binary-expr","locations":[{"start":{"line":79,"column":26},"end":{"line":79,"column":44}},{"start":{"line":79,"column":48},"end":{"line":79,"column":64}}],"line":79},"13":{"loc":{"start":{"line":80,"column":20},"end":{"line":80,"column":46}},"type":"binary-expr","locations":[{"start":{"line":80,"column":20},"end":{"line":80,"column":32}},{"start":{"line":80,"column":36},"end":{"line":80,"column":46}}],"line":80},"14":{"loc":{"start":{"line":101,"column":15},"end":{"line":112,"column":16}},"type":"cond-expr","locations":[{"start":{"line":102,"column":12},"end":{"line":111,"column":11}},{"start":{"line":112,"column":12},"end":{"line":112,"column":16}}],"line":101},"15":{"loc":{"start":{"line":122,"column":14},"end":{"line":122,"column":31}},"type":"default-arg","locations":[{"start":{"line":122,"column":25},"end":{"line":122,"column":31}}],"line":122},"16":{"loc":{"start":{"line":122,"column":33},"end":{"line":122,"column":45}},"type":"default-arg","locations":[{"start":{"line":122,"column":41},"end":{"line":122,"column":45}}],"line":122},"17":{"loc":{"start":{"line":127,"column":31},"end":{"line":127,"column":83}},"type":"cond-expr","locations":[{"start":{"line":127,"column":68},"end":{"line":127,"column":76}},{"start":{"line":127,"column":79},"end":{"line":127,"column":83}}],"line":127},"18":{"loc":{"start":{"line":130,"column":6},"end":{"line":132,"column":7}},"type":"if","locations":[{"start":{"line":130,"column":6},"end":{"line":132,"column":7}},{"start":{},"end":{}}],"line":130},"19":{"loc":{"start":{"line":138,"column":6},"end":{"line":153,"column":7}},"type":"switch","locations":[{"start":{"line":139,"column":8},"end":{"line":141,"column":16}},{"start":{"line":142,"column":8},"end":{"line":144,"column":16}},{"start":{"line":145,"column":8},"end":{"line":147,"column":16}},{"start":{"line":148,"column":8},"end":{"line":150,"column":16}},{"start":{"line":151,"column":8},"end":{"line":152,"column":49}}],"line":138},"20":{"loc":{"start":{"line":169,"column":6},"end":{"line":213,"column":7}},"type":"if","locations":[{"start":{"line":169,"column":6},"end":{"line":213,"column":7}},{"start":{},"end":{}}],"line":169},"21":{"loc":{"start":{"line":172,"column":27},"end":{"line":174,"column":34}},"type":"cond-expr","locations":[{"start":{"line":173,"column":14},"end":{"line":173,"column":49}},{"start":{"line":174,"column":14},"end":{"line":174,"column":34}}],"line":172},"22":{"loc":{"start":{"line":182,"column":10},"end":{"line":209,"column":11}},"type":"if","locations":[{"start":{"line":182,"column":10},"end":{"line":209,"column":11}},{"start":{},"end":{}}],"line":182},"23":{"loc":{"start":{"line":233,"column":14},"end":{"line":233,"column":24}},"type":"default-arg","locations":[{"start":{"line":233,"column":22},"end":{"line":233,"column":24}}],"line":233},"24":{"loc":{"start":{"line":236,"column":6},"end":{"line":238,"column":7}},"type":"if","locations":[{"start":{"line":236,"column":6},"end":{"line":238,"column":7}},{"start":{},"end":{}}],"line":236},"25":{"loc":{"start":{"line":247,"column":27},"end":{"line":247,"column":82}},"type":"binary-expr","locations":[{"start":{"line":247,"column":27},"end":{"line":247,"column":44}},{"start":{"line":247,"column":48},"end":{"line":247,"column":82}}],"line":247},"26":{"loc":{"start":{"line":249,"column":6},"end":{"line":285,"column":7}},"type":"if","locations":[{"start":{"line":249,"column":6},"end":{"line":285,"column":7}},{"start":{},"end":{}}],"line":249},"27":{"loc":{"start":{"line":255,"column":30},"end":{"line":257,"column":93}},"type":"cond-expr","locations":[{"start":{"line":256,"column":14},"end":{"line":256,"column":64}},{"start":{"line":257,"column":14},"end":{"line":257,"column":93}}],"line":255},"28":{"loc":{"start":{"line":259,"column":10},"end":{"line":281,"column":11}},"type":"if","locations":[{"start":{"line":259,"column":10},"end":{"line":281,"column":11}},{"start":{},"end":{}}],"line":259},"29":{"loc":{"start":{"line":307,"column":6},"end":{"line":309,"column":7}},"type":"if","locations":[{"start":{"line":307,"column":6},"end":{"line":309,"column":7}},{"start":{},"end":{}}],"line":307},"30":{"loc":{"start":{"line":317,"column":27},"end":{"line":317,"column":71}},"type":"binary-expr","locations":[{"start":{"line":317,"column":27},"end":{"line":317,"column":35}},{"start":{"line":317,"column":39},"end":{"line":317,"column":71}}],"line":317},"31":{"loc":{"start":{"line":320,"column":6},"end":{"line":368,"column":7}},"type":"if","locations":[{"start":{"line":320,"column":6},"end":{"line":368,"column":7}},{"start":{},"end":{}}],"line":320},"32":{"loc":{"start":{"line":338,"column":27},"end":{"line":338,"column":61}},"type":"cond-expr","locations":[{"start":{"line":338,"column":35},"end":{"line":338,"column":54}},{"start":{"line":338,"column":57},"end":{"line":338,"column":61}}],"line":338},"33":{"loc":{"start":{"line":339,"column":28},"end":{"line":339,"column":63}},"type":"cond-expr","locations":[{"start":{"line":339,"column":36},"end":{"line":339,"column":56}},{"start":{"line":339,"column":59},"end":{"line":339,"column":63}}],"line":339},"34":{"loc":{"start":{"line":364,"column":10},"end":{"line":366,"column":11}},"type":"if","locations":[{"start":{"line":364,"column":10},"end":{"line":366,"column":11}},{"start":{},"end":{}}],"line":364},"35":{"loc":{"start":{"line":370,"column":6},"end":{"line":372,"column":7}},"type":"if","locations":[{"start":{"line":370,"column":6},"end":{"line":372,"column":7}},{"start":{},"end":{}}],"line":370}},"s":{"0":18,"1":18,"2":18,"3":18,"4":18,"5":2,"6":2,"7":2,"8":2,"9":1,"10":2,"11":2,"12":62,"13":2,"14":0,"15":4,"16":4,"17":4,"18":4,"19":3,"20":1,"21":1,"22":1,"23":1,"24":1,"25":0,"26":1,"27":3,"28":14,"29":14,"30":14,"31":14,"32":14,"33":14,"34":14,"35":3,"36":11,"37":11,"38":11,"39":5,"40":5,"41":1,"42":1,"43":2,"44":2,"45":3,"46":3,"47":0,"48":11,"49":11,"50":11,"51":8,"52":8,"53":8,"54":0,"55":0,"56":0,"57":0,"58":0,"59":8,"60":11,"61":90,"62":11,"63":3,"64":7,"65":7,"66":7,"67":7,"68":7,"69":3,"70":4,"71":4,"72":4,"73":4,"74":2,"75":2,"76":2,"77":2,"78":2,"79":0,"80":0,"81":0,"82":0,"83":0,"84":0,"85":4,"86":2,"87":4,"88":3,"89":7,"90":7,"91":7,"92":7,"93":3,"94":4,"95":4,"96":4,"97":4,"98":1,"99":1,"100":1,"101":1,"102":1,"103":0,"104":0,"105":1,"106":1,"107":1,"108":0,"109":0,"110":0,"111":4,"112":0,"113":4,"114":3,"115":18},"f":{"0":2,"1":62,"2":4,"3":14,"4":0,"5":90,"6":7,"7":0,"8":2,"9":7,"10":0,"11":0},"b":{"0":[1,1],"1":[2,1],"2":[2,60],"3":[2,60],"4":[2,60],"5":[3,1],"6":[1,0],"7":[1,1,1,1],"8":[1,0],"9":[1,1],"10":[1,1],"11":[1,0],"12":[1,0],"13":[1,1],"14":[1,0],"15":[3],"16":[3],"17":[5,9],"18":[3,11],"19":[5,1,2,3,0],"20":[8,3],"21":[0,8],"22":[0,0],"23":[6],"24":[3,4],"25":[4,2],"26":[2,2],"27":[0,2],"28":[0,2],"29":[3,4],"30":[4,3],"31":[1,3],"32":[1,0],"33":[1,0],"34":[0,0],"35":[0,4]},"_coverageSchema":"1a1c01bbd47fc00a2c39e90264f33305004495a9","hash":"7bd899458f5206e1c60dc6d307c7953c44a8d311"}
,"/Users/revinaawalia/Downloads/imron-hacktiv8-excercise/phase2/snp-500-ai/server/controllers/watchlistController.js": {"path":"/Users/revinaawalia/Downloads/imron-hacktiv8-excercise/phase2/snp-500-ai/server/controllers/watchlistController.js","statementMap":{"0":{"start":{"line":1,"column":36},"end":{"line":1,"column":56}},"1":{"start":{"line":5,"column":4},"end":{"line":33,"column":5}},"2":{"start":{"line":6,"column":30},"end":{"line":6,"column":43}},"3":{"start":{"line":8,"column":24},"end":{"line":17,"column":8}},"4":{"start":{"line":19,"column":21},"end":{"line":28,"column":9}},"5":{"start":{"line":19,"column":46},"end":{"line":28,"column":7}},"6":{"start":{"line":30,"column":6},"end":{"line":30,"column":50}},"7":{"start":{"line":32,"column":6},"end":{"line":32,"column":18}},"8":{"start":{"line":37,"column":4},"end":{"line":73,"column":5}},"9":{"start":{"line":38,"column":30},"end":{"line":38,"column":43}},"10":{"start":{"line":39,"column":27},"end":{"line":39,"column":35}},"11":{"start":{"line":41,"column":6},"end":{"line":43,"column":7}},"12":{"start":{"line":42,"column":8},"end":{"line":42,"column":71}},"13":{"start":{"line":45,"column":20},"end":{"line":45,"column":68}},"14":{"start":{"line":46,"column":6},"end":{"line":48,"column":7}},"15":{"start":{"line":47,"column":8},"end":{"line":47,"column":64}},"16":{"start":{"line":50,"column":23},"end":{"line":52,"column":8}},"17":{"start":{"line":54,"column":6},"end":{"line":56,"column":7}},"18":{"start":{"line":55,"column":8},"end":{"line":55,"column":77}},"19":{"start":{"line":58,"column":28},"end":{"line":61,"column":8}},"20":{"start":{"line":63,"column":6},"end":{"line":70,"column":9}},"21":{"start":{"line":72,"column":6},"end":{"line":72,"column":18}},"22":{"start":{"line":77,"column":4},"end":{"line":96,"column":5}},"23":{"start":{"line":78,"column":30},"end":{"line":78,"column":43}},"24":{"start":{"line":79,"column":27},"end":{"line":79,"column":37}},"25":{"start":{"line":81,"column":28},"end":{"line":83,"column":8}},"26":{"start":{"line":85,"column":6},"end":{"line":87,"column":7}},"27":{"start":{"line":86,"column":8},"end":{"line":86,"column":77}},"28":{"start":{"line":89,"column":6},"end":{"line":89,"column":36}},"29":{"start":{"line":91,"column":6},"end":{"line":93,"column":9}},"30":{"start":{"line":95,"column":6},"end":{"line":95,"column":18}},"31":{"start":{"line":100,"column":0},"end":{"line":100,"column":41}}},"fnMap":{"0":{"name":"(anonymous_0)","decl":{"start":{"line":4,"column":2},"end":{"line":4,"column":3}},"loc":{"start":{"line":4,"column":38},"end":{"line":34,"column":3}},"line":4},"1":{"name":"(anonymous_1)","decl":{"start":{"line":19,"column":35},"end":{"line":19,"column":36}},"loc":{"start":{"line":19,"column":46},"end":{"line":28,"column":7}},"line":19},"2":{"name":"(anonymous_2)","decl":{"start":{"line":36,"column":2},"end":{"line":36,"column":3}},"loc":{"start":{"line":36,"column":35},"end":{"line":74,"column":3}},"line":36},"3":{"name":"(anonymous_3)","decl":{"start":{"line":76,"column":2},"end":{"line":76,"column":3}},"loc":{"start":{"line":76,"column":38},"end":{"line":97,"column":3}},"line":76}},"branchMap":{"0":{"loc":{"start":{"line":22,"column":16},"end":{"line":22,"column":53}},"type":"cond-expr","locations":[{"start":{"line":22,"column":29},"end":{"line":22,"column":46}},{"start":{"line":22,"column":49},"end":{"line":22,"column":53}}],"line":22},"1":{"loc":{"start":{"line":23,"column":14},"end":{"line":23,"column":49}},"type":"cond-expr","locations":[{"start":{"line":23,"column":27},"end":{"line":23,"column":42}},{"start":{"line":23,"column":45},"end":{"line":23,"column":49}}],"line":23},"2":{"loc":{"start":{"line":24,"column":16},"end":{"line":24,"column":53}},"type":"cond-expr","locations":[{"start":{"line":24,"column":29},"end":{"line":24,"column":46}},{"start":{"line":24,"column":49},"end":{"line":24,"column":53}}],"line":24},"3":{"loc":{"start":{"line":25,"column":15},"end":{"line":25,"column":85}},"type":"cond-expr","locations":[{"start":{"line":25,"column":48},"end":{"line":25,"column":78}},{"start":{"line":25,"column":81},"end":{"line":25,"column":85}}],"line":25},"4":{"loc":{"start":{"line":25,"column":15},"end":{"line":25,"column":45}},"type":"binary-expr","locations":[{"start":{"line":25,"column":15},"end":{"line":25,"column":25}},{"start":{"line":25,"column":29},"end":{"line":25,"column":45}}],"line":25},"5":{"loc":{"start":{"line":26,"column":24},"end":{"line":26,"column":95}},"type":"cond-expr","locations":[{"start":{"line":26,"column":57},"end":{"line":26,"column":88}},{"start":{"line":26,"column":91},"end":{"line":26,"column":95}}],"line":26},"6":{"loc":{"start":{"line":26,"column":24},"end":{"line":26,"column":54}},"type":"binary-expr","locations":[{"start":{"line":26,"column":24},"end":{"line":26,"column":34}},{"start":{"line":26,"column":38},"end":{"line":26,"column":54}}],"line":26},"7":{"loc":{"start":{"line":41,"column":6},"end":{"line":43,"column":7}},"type":"if","locations":[{"start":{"line":41,"column":6},"end":{"line":43,"column":7}},{"start":{},"end":{}}],"line":41},"8":{"loc":{"start":{"line":46,"column":6},"end":{"line":48,"column":7}},"type":"if","locations":[{"start":{"line":46,"column":6},"end":{"line":48,"column":7}},{"start":{},"end":{}}],"line":46},"9":{"loc":{"start":{"line":54,"column":6},"end":{"line":56,"column":7}},"type":"if","locations":[{"start":{"line":54,"column":6},"end":{"line":56,"column":7}},{"start":{},"end":{}}],"line":54},"10":{"loc":{"start":{"line":85,"column":6},"end":{"line":87,"column":7}},"type":"if","locations":[{"start":{"line":85,"column":6},"end":{"line":87,"column":7}},{"start":{},"end":{}}],"line":85}},"s":{"0":19,"1":6,"2":6,"3":6,"4":5,"5":4,"6":5,"7":1,"8":9,"9":9,"10":9,"11":9,"12":2,"13":7,"14":7,"15":2,"16":5,"17":5,"18":2,"19":3,"20":2,"21":7,"22":5,"23":5,"24":5,"25":5,"26":4,"27":2,"28":2,"29":2,"30":3,"31":19},"f":{"0":6,"1":4,"2":9,"3":5},"b":{"0":[3,1],"1":[3,1],"2":[3,1],"3":[2,2],"4":[4,3],"5":[2,2],"6":[4,3],"7":[2,7],"8":[2,5],"9":[2,3],"10":[2,2]},"_coverageSchema":"1a1c01bbd47fc00a2c39e90264f33305004495a9","hash":"f1b9a0e20012ffbd550510c38b1e52c5090cabb6"}
,"/Users/revinaawalia/Downloads/imron-hacktiv8-excercise/phase2/snp-500-ai/server/helpers/bcrypt.js": {"path":"/Users/revinaawalia/Downloads/imron-hacktiv8-excercise/phase2/snp-500-ai/server/helpers/bcrypt.js","statementMap":{"0":{"start":{"line":1,"column":15},"end":{"line":1,"column":34}},"1":{"start":{"line":3,"column":21},"end":{"line":7,"column":1}},"2":{"start":{"line":4,"column":15},"end":{"line":4,"column":37}},"3":{"start":{"line":5,"column":15},"end":{"line":5,"column":42}},"4":{"start":{"line":6,"column":2},"end":{"line":6,"column":14}},"5":{"start":{"line":9,"column":24},"end":{"line":11,"column":1}},"6":{"start":{"line":10,"column":2},"end":{"line":10,"column":44}},"7":{"start":{"line":13,"column":0},"end":{"line":13,"column":51}}},"fnMap":{"0":{"name":"(anonymous_0)","decl":{"start":{"line":3,"column":21},"end":{"line":3,"column":22}},"loc":{"start":{"line":3,"column":31},"end":{"line":7,"column":1}},"line":3},"1":{"name":"(anonymous_1)","decl":{"start":{"line":9,"column":24},"end":{"line":9,"column":25}},"loc":{"start":{"line":9,"column":44},"end":{"line":11,"column":1}},"line":9}},"branchMap":{},"s":{"0":20,"1":20,"2":10,"3":10,"4":10,"5":20,"6":2,"7":20},"f":{"0":10,"1":2},"b":{},"_coverageSchema":"1a1c01bbd47fc00a2c39e90264f33305004495a9","hash":"5c94515dc7a541b17d244e053c775ed663d9bda9"}
,"/Users/revinaawalia/Downloads/imron-hacktiv8-excercise/phase2/snp-500-ai/server/helpers/jwt.js": {"path":"/Users/revinaawalia/Downloads/imron-hacktiv8-excercise/phase2/snp-500-ai/server/helpers/jwt.js","statementMap":{"0":{"start":{"line":1,"column":12},"end":{"line":1,"column":35}},"1":{"start":{"line":2,"column":18},"end":{"line":2,"column":40}},"2":{"start":{"line":4,"column":18},"end":{"line":6,"column":1}},"3":{"start":{"line":5,"column":2},"end":{"line":5,"column":38}},"4":{"start":{"line":8,"column":20},"end":{"line":10,"column":1}},"5":{"start":{"line":9,"column":2},"end":{"line":9,"column":38}},"6":{"start":{"line":12,"column":0},"end":{"line":12,"column":44}}},"fnMap":{"0":{"name":"(anonymous_0)","decl":{"start":{"line":4,"column":18},"end":{"line":4,"column":19}},"loc":{"start":{"line":4,"column":31},"end":{"line":6,"column":1}},"line":4},"1":{"name":"(anonymous_1)","decl":{"start":{"line":8,"column":20},"end":{"line":8,"column":21}},"loc":{"start":{"line":8,"column":31},"end":{"line":10,"column":1}},"line":8}},"branchMap":{},"s":{"0":18,"1":18,"2":18,"3":9,"4":18,"5":19,"6":18},"f":{"0":9,"1":19},"b":{},"_coverageSchema":"1a1c01bbd47fc00a2c39e90264f33305004495a9","hash":"dc90702ba808a11949808a41d874a4bb77c9fb9b"}
,"/Users/revinaawalia/Downloads/imron-hacktiv8-excercise/phase2/snp-500-ai/server/middlewares/authMiddleware.js": {"path":"/Users/revinaawalia/Downloads/imron-hacktiv8-excercise/phase2/snp-500-ai/server/middlewares/authMiddleware.js","statementMap":{"0":{"start":{"line":1,"column":24},"end":{"line":1,"column":49}},"1":{"start":{"line":2,"column":17},"end":{"line":2,"column":37}},"2":{"start":{"line":4,"column":23},"end":{"line":35,"column":1}},"3":{"start":{"line":5,"column":2},"end":{"line":34,"column":3}},"4":{"start":{"line":6,"column":30},"end":{"line":6,"column":41}},"5":{"start":{"line":8,"column":4},"end":{"line":10,"column":5}},"6":{"start":{"line":9,"column":6},"end":{"line":9,"column":37}},"7":{"start":{"line":12,"column":18},"end":{"line":12,"column":45}},"8":{"start":{"line":13,"column":20},"end":{"line":13,"column":38}},"9":{"start":{"line":15,"column":17},"end":{"line":19,"column":6}},"10":{"start":{"line":21,"column":4},"end":{"line":23,"column":5}},"11":{"start":{"line":22,"column":6},"end":{"line":22,"column":37}},"12":{"start":{"line":25,"column":4},"end":{"line":29,"column":6}},"13":{"start":{"line":31,"column":4},"end":{"line":31,"column":11}},"14":{"start":{"line":33,"column":4},"end":{"line":33,"column":16}},"15":{"start":{"line":37,"column":0},"end":{"line":37,"column":36}}},"fnMap":{"0":{"name":"(anonymous_0)","decl":{"start":{"line":4,"column":23},"end":{"line":4,"column":24}},"loc":{"start":{"line":4,"column":49},"end":{"line":35,"column":1}},"line":4}},"branchMap":{"0":{"loc":{"start":{"line":8,"column":4},"end":{"line":10,"column":5}},"type":"if","locations":[{"start":{"line":8,"column":4},"end":{"line":10,"column":5}},{"start":{},"end":{}}],"line":8},"1":{"loc":{"start":{"line":21,"column":4},"end":{"line":23,"column":5}},"type":"if","locations":[{"start":{"line":21,"column":4},"end":{"line":23,"column":5}},{"start":{},"end":{}}],"line":21}},"s":{"0":18,"1":18,"2":18,"3":33,"4":33,"5":33,"6":14,"7":19,"8":19,"9":14,"10":14,"11":1,"12":13,"13":13,"14":20,"15":18},"f":{"0":33},"b":{"0":[14,19],"1":[1,13]},"_coverageSchema":"1a1c01bbd47fc00a2c39e90264f33305004495a9","hash":"6ebc221961ec81522d8c3a9f7a4716c3e3bb07f3"}
,"/Users/revinaawalia/Downloads/imron-hacktiv8-excercise/phase2/snp-500-ai/server/middlewares/errorHandler.js": {"path":"/Users/revinaawalia/Downloads/imron-hacktiv8-excercise/phase2/snp-500-ai/server/middlewares/errorHandler.js","statementMap":{"0":{"start":{"line":2,"column":2},"end":{"line":2,"column":19}},"1":{"start":{"line":3,"column":15},"end":{"line":3,"column":18}},"2":{"start":{"line":4,"column":16},"end":{"line":4,"column":40}},"3":{"start":{"line":6,"column":2},"end":{"line":9,"column":3}},"4":{"start":{"line":7,"column":4},"end":{"line":7,"column":17}},"5":{"start":{"line":8,"column":4},"end":{"line":8,"column":31}},"6":{"start":{"line":11,"column":2},"end":{"line":14,"column":3}},"7":{"start":{"line":12,"column":4},"end":{"line":12,"column":17}},"8":{"start":{"line":13,"column":4},"end":{"line":13,"column":36}},"9":{"start":{"line":16,"column":2},"end":{"line":19,"column":3}},"10":{"start":{"line":17,"column":4},"end":{"line":17,"column":17}},"11":{"start":{"line":18,"column":4},"end":{"line":18,"column":44}},"12":{"start":{"line":21,"column":2},"end":{"line":24,"column":3}},"13":{"start":{"line":22,"column":4},"end":{"line":22,"column":17}},"14":{"start":{"line":23,"column":4},"end":{"line":23,"column":45}},"15":{"start":{"line":26,"column":2},"end":{"line":29,"column":3}},"16":{"start":{"line":27,"column":4},"end":{"line":27,"column":17}},"17":{"start":{"line":28,"column":4},"end":{"line":28,"column":55}},"18":{"start":{"line":31,"column":2},"end":{"line":34,"column":3}},"19":{"start":{"line":32,"column":4},"end":{"line":32,"column":17}},"20":{"start":{"line":33,"column":4},"end":{"line":33,"column":47}},"21":{"start":{"line":36,"column":2},"end":{"line":39,"column":3}},"22":{"start":{"line":37,"column":4},"end":{"line":37,"column":17}},"23":{"start":{"line":38,"column":4},"end":{"line":38,"column":64}},"24":{"start":{"line":41,"column":2},"end":{"line":41,"column":39}},"25":{"start":{"line":44,"column":0},"end":{"line":44,"column":34}}},"fnMap":{"0":{"name":"errorHandler","decl":{"start":{"line":1,"column":9},"end":{"line":1,"column":21}},"loc":{"start":{"line":1,"column":43},"end":{"line":42,"column":1}},"line":1}},"branchMap":{"0":{"loc":{"start":{"line":6,"column":2},"end":{"line":9,"column":3}},"type":"if","locations":[{"start":{"line":6,"column":2},"end":{"line":9,"column":3}},{"start":{},"end":{}}],"line":6},"1":{"loc":{"start":{"line":6,"column":6},"end":{"line":6,"column":96}},"type":"binary-expr","locations":[{"start":{"line":6,"column":6},"end":{"line":6,"column":43}},{"start":{"line":6,"column":47},"end":{"line":6,"column":96}}],"line":6},"2":{"loc":{"start":{"line":11,"column":2},"end":{"line":14,"column":3}},"type":"if","locations":[{"start":{"line":11,"column":2},"end":{"line":14,"column":3}},{"start":{},"end":{}}],"line":11},"3":{"loc":{"start":{"line":11,"column":6},"end":{"line":11,"column":94}},"type":"binary-expr","locations":[{"start":{"line":11,"column":6},"end":{"line":11,"column":45}},{"start":{"line":11,"column":49},"end":{"line":11,"column":94}}],"line":11},"4":{"loc":{"start":{"line":16,"column":2},"end":{"line":19,"column":3}},"type":"if","locations":[{"start":{"line":16,"column":2},"end":{"line":19,"column":3}},{"start":{},"end":{}}],"line":16},"5":{"loc":{"start":{"line":18,"column":14},"end":{"line":18,"column":43}},"type":"binary-expr","locations":[{"start":{"line":18,"column":14},"end":{"line":18,"column":25}},{"start":{"line":18,"column":29},"end":{"line":18,"column":43}}],"line":18},"6":{"loc":{"start":{"line":21,"column":2},"end":{"line":24,"column":3}},"type":"if","locations":[{"start":{"line":21,"column":2},"end":{"line":24,"column":3}},{"start":{},"end":{}}],"line":21},"7":{"loc":{"start":{"line":21,"column":6},"end":{"line":21,"column":69}},"type":"binary-expr","locations":[{"start":{"line":21,"column":6},"end":{"line":21,"column":33}},{"start":{"line":21,"column":37},"end":{"line":21,"column":69}}],"line":21},"8":{"loc":{"start":{"line":23,"column":14},"end":{"line":23,"column":44}},"type":"binary-expr","locations":[{"start":{"line":23,"column":14},"end":{"line":23,"column":25}},{"start":{"line":23,"column":29},"end":{"line":23,"column":44}}],"line":23},"9":{"loc":{"start":{"line":26,"column":2},"end":{"line":29,"column":3}},"type":"if","locations":[{"start":{"line":26,"column":2},"end":{"line":29,"column":3}},{"start":{},"end":{}}],"line":26},"10":{"loc":{"start":{"line":28,"column":14},"end":{"line":28,"column":54}},"type":"binary-expr","locations":[{"start":{"line":28,"column":14},"end":{"line":28,"column":25}},{"start":{"line":28,"column":29},"end":{"line":28,"column":54}}],"line":28},"11":{"loc":{"start":{"line":31,"column":2},"end":{"line":34,"column":3}},"type":"if","locations":[{"start":{"line":31,"column":2},"end":{"line":34,"column":3}},{"start":{},"end":{}}],"line":31},"12":{"loc":{"start":{"line":33,"column":14},"end":{"line":33,"column":46}},"type":"binary-expr","locations":[{"start":{"line":33,"column":14},"end":{"line":33,"column":25}},{"start":{"line":33,"column":29},"end":{"line":33,"column":46}}],"line":33},"13":{"loc":{"start":{"line":36,"column":2},"end":{"line":39,"column":3}},"type":"if","locations":[{"start":{"line":36,"column":2},"end":{"line":39,"column":3}},{"start":{},"end":{}}],"line":36},"14":{"loc":{"start":{"line":38,"column":14},"end":{"line":38,"column":63}},"type":"binary-expr","locations":[{"start":{"line":38,"column":14},"end":{"line":38,"column":25}},{"start":{"line":38,"column":29},"end":{"line":38,"column":63}}],"line":38}},"s":{"0":63,"1":63,"2":63,"3":63,"4":2,"5":2,"6":63,"7":1,"8":1,"9":63,"10":15,"11":15,"12":63,"13":26,"14":26,"15":63,"16":2,"17":2,"18":63,"19":14,"20":14,"21":63,"22":2,"23":2,"24":63,"25":18},"f":{"0":63},"b":{"0":[2,61],"1":[63,62],"2":[1,62],"3":[63,62],"4":[15,48],"5":[15,0],"6":[26,37],"7":[63,42],"8":[26,15],"9":[2,61],"10":[2,1],"11":[14,49],"12":[14,0],"13":[2,61],"14":[2,1]},"_coverageSchema":"1a1c01bbd47fc00a2c39e90264f33305004495a9","hash":"7a323a3955dcb8acf050fab4651f916a5f1c0f3e"}
,"/Users/revinaawalia/Downloads/imron-hacktiv8-excercise/phase2/snp-500-ai/server/models/aiInsight.js": {"path":"/Users/revinaawalia/Downloads/imron-hacktiv8-excercise/phase2/snp-500-ai/server/models/aiInsight.js","statementMap":{"0":{"start":{"line":1,"column":18},"end":{"line":1,"column":38}},"1":{"start":{"line":3,"column":0},"end":{"line":40,"column":2}},"2":{"start":{"line":6,"column":6},"end":{"line":6,"column":68}},"3":{"start":{"line":10,"column":2},"end":{"line":37,"column":4}},"4":{"start":{"line":39,"column":2},"end":{"line":39,"column":19}}},"fnMap":{"0":{"name":"(anonymous_0)","decl":{"start":{"line":3,"column":17},"end":{"line":3,"column":18}},"loc":{"start":{"line":3,"column":43},"end":{"line":40,"column":1}},"line":3},"1":{"name":"(anonymous_1)","decl":{"start":{"line":5,"column":4},"end":{"line":5,"column":5}},"loc":{"start":{"line":5,"column":29},"end":{"line":7,"column":5}},"line":5}},"branchMap":{},"s":{"0":19,"1":19,"2":19,"3":19,"4":19},"f":{"0":19,"1":19},"b":{},"_coverageSchema":"1a1c01bbd47fc00a2c39e90264f33305004495a9","hash":"b2b37029319ffb0c6a92b48271d45f667b15714d"}
,"/Users/revinaawalia/Downloads/imron-hacktiv8-excercise/phase2/snp-500-ai/server/models/candle.js": {"path":"/Users/revinaawalia/Downloads/imron-hacktiv8-excercise/phase2/snp-500-ai/server/models/candle.js","statementMap":{"0":{"start":{"line":1,"column":18},"end":{"line":1,"column":38}},"1":{"start":{"line":3,"column":0},"end":{"line":56,"column":2}},"2":{"start":{"line":6,"column":6},"end":{"line":6,"column":65}},"3":{"start":{"line":10,"column":2},"end":{"line":53,"column":4}},"4":{"start":{"line":55,"column":2},"end":{"line":55,"column":16}}},"fnMap":{"0":{"name":"(anonymous_0)","decl":{"start":{"line":3,"column":17},"end":{"line":3,"column":18}},"loc":{"start":{"line":3,"column":43},"end":{"line":56,"column":1}},"line":3},"1":{"name":"(anonymous_1)","decl":{"start":{"line":5,"column":4},"end":{"line":5,"column":5}},"loc":{"start":{"line":5,"column":29},"end":{"line":7,"column":5}},"line":5}},"branchMap":{},"s":{"0":19,"1":19,"2":19,"3":19,"4":19},"f":{"0":19,"1":19},"b":{},"_coverageSchema":"1a1c01bbd47fc00a2c39e90264f33305004495a9","hash":"b69419d2f5c1bf94473d1e8ab09c62523daf5c12"}
,"/Users/revinaawalia/Downloads/imron-hacktiv8-excercise/phase2/snp-500-ai/server/models/index.js": {"path":"/Users/revinaawalia/Downloads/imron-hacktiv8-excercise/phase2/snp-500-ai/server/models/index.js","statementMap":{"0":{"start":{"line":3,"column":11},"end":{"line":3,"column":24}},"1":{"start":{"line":4,"column":13},"end":{"line":4,"column":28}},"2":{"start":{"line":5,"column":18},"end":{"line":5,"column":38}},"3":{"start":{"line":6,"column":16},"end":{"line":6,"column":34}},"4":{"start":{"line":7,"column":17},"end":{"line":7,"column":42}},"5":{"start":{"line":8,"column":12},"end":{"line":8,"column":49}},"6":{"start":{"line":9,"column":15},"end":{"line":9,"column":65}},"7":{"start":{"line":10,"column":11},"end":{"line":10,"column":13}},"8":{"start":{"line":13,"column":0},"end":{"line":17,"column":1}},"9":{"start":{"line":14,"column":2},"end":{"line":14,"column":74}},"10":{"start":{"line":16,"column":2},"end":{"line":16,"column":87}},"11":{"start":{"line":19,"column":0},"end":{"line":32,"column":5}},"12":{"start":{"line":22,"column":4},"end":{"line":27,"column":6}},"13":{"start":{"line":30,"column":18},"end":{"line":30,"column":85}},"14":{"start":{"line":31,"column":4},"end":{"line":31,"column":27}},"15":{"start":{"line":34,"column":0},"end":{"line":38,"column":3}},"16":{"start":{"line":35,"column":2},"end":{"line":37,"column":3}},"17":{"start":{"line":36,"column":4},"end":{"line":36,"column":32}},"18":{"start":{"line":40,"column":0},"end":{"line":40,"column":25}},"19":{"start":{"line":41,"column":0},"end":{"line":41,"column":25}},"20":{"start":{"line":43,"column":0},"end":{"line":43,"column":20}}},"fnMap":{"0":{"name":"(anonymous_0)","decl":{"start":{"line":21,"column":10},"end":{"line":21,"column":11}},"loc":{"start":{"line":21,"column":18},"end":{"line":28,"column":3}},"line":21},"1":{"name":"(anonymous_1)","decl":{"start":{"line":29,"column":11},"end":{"line":29,"column":12}},"loc":{"start":{"line":29,"column":19},"end":{"line":32,"column":3}},"line":29},"2":{"name":"(anonymous_2)","decl":{"start":{"line":34,"column":24},"end":{"line":34,"column":25}},"loc":{"start":{"line":34,"column":37},"end":{"line":38,"column":1}},"line":34}},"branchMap":{"0":{"loc":{"start":{"line":8,"column":12},"end":{"line":8,"column":49}},"type":"binary-expr","locations":[{"start":{"line":8,"column":12},"end":{"line":8,"column":32}},{"start":{"line":8,"column":36},"end":{"line":8,"column":49}}],"line":8},"1":{"loc":{"start":{"line":13,"column":0},"end":{"line":17,"column":1}},"type":"if","locations":[{"start":{"line":13,"column":0},"end":{"line":17,"column":1}},{"start":{"line":15,"column":7},"end":{"line":17,"column":1}}],"line":13},"2":{"loc":{"start":{"line":23,"column":6},"end":{"line":26,"column":37}},"type":"binary-expr","locations":[{"start":{"line":23,"column":6},"end":{"line":23,"column":29}},{"start":{"line":24,"column":6},"end":{"line":24,"column":23}},{"start":{"line":25,"column":6},"end":{"line":25,"column":30}},{"start":{"line":26,"column":6},"end":{"line":26,"column":37}}],"line":23},"3":{"loc":{"start":{"line":35,"column":2},"end":{"line":37,"column":3}},"type":"if","locations":[{"start":{"line":35,"column":2},"end":{"line":37,"column":3}},{"start":{},"end":{}}],"line":35}},"s":{"0":19,"1":19,"2":19,"3":19,"4":19,"5":19,"6":19,"7":19,"8":19,"9":1,"10":18,"11":19,"12":152,"13":133,"14":133,"15":19,"16":133,"17":133,"18":19,"19":19,"20":19},"f":{"0":152,"1":133,"2":133},"b":{"0":[19,7],"1":[1,18],"2":[152,152,133,133],"3":[133,0]},"_coverageSchema":"1a1c01bbd47fc00a2c39e90264f33305004495a9","hash":"d6d2b30822eaa8fe65b510dc343afd5f2c39b5c0"}
,"/Users/revinaawalia/Downloads/imron-hacktiv8-excercise/phase2/snp-500-ai/server/models/news.js": {"path":"/Users/revinaawalia/Downloads/imron-hacktiv8-excercise/phase2/snp-500-ai/server/models/news.js","statementMap":{"0":{"start":{"line":1,"column":18},"end":{"line":1,"column":38}},"1":{"start":{"line":3,"column":0},"end":{"line":51,"column":2}},"2":{"start":{"line":6,"column":6},"end":{"line":6,"column":63}},"3":{"start":{"line":10,"column":2},"end":{"line":48,"column":4}},"4":{"start":{"line":50,"column":2},"end":{"line":50,"column":14}}},"fnMap":{"0":{"name":"(anonymous_0)","decl":{"start":{"line":3,"column":17},"end":{"line":3,"column":18}},"loc":{"start":{"line":3,"column":43},"end":{"line":51,"column":1}},"line":3},"1":{"name":"(anonymous_1)","decl":{"start":{"line":5,"column":4},"end":{"line":5,"column":5}},"loc":{"start":{"line":5,"column":29},"end":{"line":7,"column":5}},"line":5}},"branchMap":{},"s":{"0":19,"1":19,"2":19,"3":19,"4":19},"f":{"0":19,"1":19},"b":{},"_coverageSchema":"1a1c01bbd47fc00a2c39e90264f33305004495a9","hash":"930b43eaae77923e75e6382b2f7401de814164c1"}
,"/Users/revinaawalia/Downloads/imron-hacktiv8-excercise/phase2/snp-500-ai/server/models/quote.js": {"path":"/Users/revinaawalia/Downloads/imron-hacktiv8-excercise/phase2/snp-500-ai/server/models/quote.js","statementMap":{"0":{"start":{"line":1,"column":18},"end":{"line":1,"column":38}},"1":{"start":{"line":3,"column":0},"end":{"line":61,"column":2}},"2":{"start":{"line":6,"column":6},"end":{"line":6,"column":64}},"3":{"start":{"line":10,"column":2},"end":{"line":58,"column":4}},"4":{"start":{"line":60,"column":2},"end":{"line":60,"column":15}}},"fnMap":{"0":{"name":"(anonymous_0)","decl":{"start":{"line":3,"column":17},"end":{"line":3,"column":18}},"loc":{"start":{"line":3,"column":43},"end":{"line":61,"column":1}},"line":3},"1":{"name":"(anonymous_1)","decl":{"start":{"line":5,"column":4},"end":{"line":5,"column":5}},"loc":{"start":{"line":5,"column":29},"end":{"line":7,"column":5}},"line":5}},"branchMap":{},"s":{"0":19,"1":19,"2":19,"3":19,"4":19},"f":{"0":19,"1":19},"b":{},"_coverageSchema":"1a1c01bbd47fc00a2c39e90264f33305004495a9","hash":"4025d72858a18fb742fb0b203c67aed636dcd907"}
,"/Users/revinaawalia/Downloads/imron-hacktiv8-excercise/phase2/snp-500-ai/server/models/stock.js": {"path":"/Users/revinaawalia/Downloads/imron-hacktiv8-excercise/phase2/snp-500-ai/server/models/stock.js","statementMap":{"0":{"start":{"line":1,"column":18},"end":{"line":1,"column":38}},"1":{"start":{"line":3,"column":0},"end":{"line":82,"column":2}},"2":{"start":{"line":6,"column":6},"end":{"line":6,"column":61}},"3":{"start":{"line":7,"column":6},"end":{"line":7,"column":63}},"4":{"start":{"line":8,"column":6},"end":{"line":8,"column":61}},"5":{"start":{"line":9,"column":6},"end":{"line":9,"column":66}},"6":{"start":{"line":10,"column":6},"end":{"line":10,"column":66}},"7":{"start":{"line":14,"column":2},"end":{"line":79,"column":4}},"8":{"start":{"line":81,"column":2},"end":{"line":81,"column":15}}},"fnMap":{"0":{"name":"(anonymous_0)","decl":{"start":{"line":3,"column":17},"end":{"line":3,"column":18}},"loc":{"start":{"line":3,"column":43},"end":{"line":82,"column":1}},"line":3},"1":{"name":"(anonymous_1)","decl":{"start":{"line":5,"column":4},"end":{"line":5,"column":5}},"loc":{"start":{"line":5,"column":29},"end":{"line":11,"column":5}},"line":5}},"branchMap":{},"s":{"0":19,"1":19,"2":19,"3":19,"4":19,"5":19,"6":19,"7":19,"8":19},"f":{"0":19,"1":19},"b":{},"_coverageSchema":"1a1c01bbd47fc00a2c39e90264f33305004495a9","hash":"023bbf383deb33046be882123215256a1073a7cf"}
,"/Users/revinaawalia/Downloads/imron-hacktiv8-excercise/phase2/snp-500-ai/server/models/user.js": {"path":"/Users/revinaawalia/Downloads/imron-hacktiv8-excercise/phase2/snp-500-ai/server/models/user.js","statementMap":{"0":{"start":{"line":1,"column":18},"end":{"line":1,"column":38}},"1":{"start":{"line":2,"column":25},"end":{"line":2,"column":53}},"2":{"start":{"line":4,"column":0},"end":{"line":67,"column":2}},"3":{"start":{"line":7,"column":6},"end":{"line":7,"column":64}},"4":{"start":{"line":11,"column":2},"end":{"line":52,"column":4}},"5":{"start":{"line":54,"column":2},"end":{"line":58,"column":5}},"6":{"start":{"line":55,"column":4},"end":{"line":57,"column":5}},"7":{"start":{"line":56,"column":6},"end":{"line":56,"column":50}},"8":{"start":{"line":60,"column":2},"end":{"line":64,"column":5}},"9":{"start":{"line":61,"column":4},"end":{"line":63,"column":5}},"10":{"start":{"line":62,"column":6},"end":{"line":62,"column":50}},"11":{"start":{"line":66,"column":2},"end":{"line":66,"column":14}}},"fnMap":{"0":{"name":"(anonymous_0)","decl":{"start":{"line":4,"column":17},"end":{"line":4,"column":18}},"loc":{"start":{"line":4,"column":43},"end":{"line":67,"column":1}},"line":4},"1":{"name":"(anonymous_1)","decl":{"start":{"line":6,"column":4},"end":{"line":6,"column":5}},"loc":{"start":{"line":6,"column":29},"end":{"line":8,"column":5}},"line":6},"2":{"name":"(anonymous_2)","decl":{"start":{"line":54,"column":20},"end":{"line":54,"column":21}},"loc":{"start":{"line":54,"column":30},"end":{"line":58,"column":3}},"line":54},"3":{"name":"(anonymous_3)","decl":{"start":{"line":60,"column":20},"end":{"line":60,"column":21}},"loc":{"start":{"line":60,"column":30},"end":{"line":64,"column":3}},"line":60}},"branchMap":{"0":{"loc":{"start":{"line":55,"column":4},"end":{"line":57,"column":5}},"type":"if","locations":[{"start":{"line":55,"column":4},"end":{"line":57,"column":5}},{"start":{},"end":{}}],"line":55},"1":{"loc":{"start":{"line":61,"column":4},"end":{"line":63,"column":5}},"type":"if","locations":[{"start":{"line":61,"column":4},"end":{"line":63,"column":5}},{"start":{},"end":{}}],"line":61},"2":{"loc":{"start":{"line":61,"column":8},"end":{"line":61,"column":49}},"type":"binary-expr","locations":[{"start":{"line":61,"column":8},"end":{"line":61,"column":32}},{"start":{"line":61,"column":36},"end":{"line":61,"column":49}}],"line":61}},"s":{"0":19,"1":19,"2":19,"3":19,"4":19,"5":19,"6":9,"7":8,"8":19,"9":8,"10":1,"11":19},"f":{"0":19,"1":19,"2":9,"3":8},"b":{"0":[8,1],"1":[1,7],"2":[8,3]},"_coverageSchema":"1a1c01bbd47fc00a2c39e90264f33305004495a9","hash":"fcdbd2a2702dd65114595686f42277add32ad2b5"}
,"/Users/revinaawalia/Downloads/imron-hacktiv8-excercise/phase2/snp-500-ai/server/models/watchlist.js": {"path":"/Users/revinaawalia/Downloads/imron-hacktiv8-excercise/phase2/snp-500-ai/server/models/watchlist.js","statementMap":{"0":{"start":{"line":1,"column":18},"end":{"line":1,"column":38}},"1":{"start":{"line":3,"column":0},"end":{"line":37,"column":2}},"2":{"start":{"line":6,"column":6},"end":{"line":6,"column":66}},"3":{"start":{"line":7,"column":6},"end":{"line":7,"column":68}},"4":{"start":{"line":11,"column":2},"end":{"line":34,"column":4}},"5":{"start":{"line":36,"column":2},"end":{"line":36,"column":19}}},"fnMap":{"0":{"name":"(anonymous_0)","decl":{"start":{"line":3,"column":17},"end":{"line":3,"column":18}},"loc":{"start":{"line":3,"column":43},"end":{"line":37,"column":1}},"line":3},"1":{"name":"(anonymous_1)","decl":{"start":{"line":5,"column":4},"end":{"line":5,"column":5}},"loc":{"start":{"line":5,"column":29},"end":{"line":8,"column":5}},"line":5}},"branchMap":{},"s":{"0":19,"1":19,"2":19,"3":19,"4":19,"5":19},"f":{"0":19,"1":19},"b":{},"_coverageSchema":"1a1c01bbd47fc00a2c39e90264f33305004495a9","hash":"a8eb178a5a8e8fea054a9612bf2f89808baa7a84"}
,"/Users/revinaawalia/Downloads/imron-hacktiv8-excercise/phase2/snp-500-ai/server/routes/auth.js": {"path":"/Users/revinaawalia/Downloads/imron-hacktiv8-excercise/phase2/snp-500-ai/server/routes/auth.js","statementMap":{"0":{"start":{"line":1,"column":16},"end":{"line":1,"column":34}},"1":{"start":{"line":2,"column":15},"end":{"line":2,"column":31}},"2":{"start":{"line":3,"column":27},"end":{"line":3,"column":67}},"3":{"start":{"line":4,"column":27},"end":{"line":4,"column":67}},"4":{"start":{"line":6,"column":0},"end":{"line":6,"column":50}},"5":{"start":{"line":7,"column":0},"end":{"line":7,"column":44}},"6":{"start":{"line":8,"column":0},"end":{"line":8,"column":51}},"7":{"start":{"line":9,"column":0},"end":{"line":9,"column":56}},"8":{"start":{"line":10,"column":0},"end":{"line":10,"column":64}},"9":{"start":{"line":12,"column":0},"end":{"line":12,"column":24}}},"fnMap":{},"branchMap":{},"s":{"0":18,"1":18,"2":18,"3":18,"4":18,"5":18,"6":18,"7":18,"8":18,"9":18},"f":{},"b":{},"_coverageSchema":"1a1c01bbd47fc00a2c39e90264f33305004495a9","hash":"6ba46e7032ad8a4d94b83312fd06d79fa817cabb"}
,"/Users/revinaawalia/Downloads/imron-hacktiv8-excercise/phase2/snp-500-ai/server/routes/index.js": {"path":"/Users/revinaawalia/Downloads/imron-hacktiv8-excercise/phase2/snp-500-ai/server/routes/index.js","statementMap":{"0":{"start":{"line":1,"column":16},"end":{"line":1,"column":34}},"1":{"start":{"line":2,"column":15},"end":{"line":2,"column":31}},"2":{"start":{"line":3,"column":21},"end":{"line":3,"column":40}},"3":{"start":{"line":4,"column":21},"end":{"line":4,"column":40}},"4":{"start":{"line":5,"column":19},"end":{"line":5,"column":36}},"5":{"start":{"line":6,"column":24},"end":{"line":6,"column":46}},"6":{"start":{"line":7,"column":27},"end":{"line":7,"column":67}},"7":{"start":{"line":8,"column":25},"end":{"line":8,"column":63}},"8":{"start":{"line":10,"column":0},"end":{"line":12,"column":3}},"9":{"start":{"line":11,"column":2},"end":{"line":11,"column":52}},"10":{"start":{"line":14,"column":0},"end":{"line":19,"column":3}},"11":{"start":{"line":15,"column":2},"end":{"line":18,"column":5}},"12":{"start":{"line":21,"column":0},"end":{"line":21,"column":36}},"13":{"start":{"line":22,"column":0},"end":{"line":22,"column":36}},"14":{"start":{"line":23,"column":0},"end":{"line":23,"column":32}},"15":{"start":{"line":24,"column":0},"end":{"line":24,"column":58}},"16":{"start":{"line":26,"column":0},"end":{"line":26,"column":25}},"17":{"start":{"line":28,"column":0},"end":{"line":28,"column":24}}},"fnMap":{"0":{"name":"(anonymous_0)","decl":{"start":{"line":10,"column":16},"end":{"line":10,"column":17}},"loc":{"start":{"line":10,"column":30},"end":{"line":12,"column":1}},"line":10},"1":{"name":"(anonymous_1)","decl":{"start":{"line":14,"column":22},"end":{"line":14,"column":23}},"loc":{"start":{"line":14,"column":36},"end":{"line":19,"column":1}},"line":14}},"branchMap":{},"s":{"0":18,"1":18,"2":18,"3":18,"4":18,"5":18,"6":18,"7":18,"8":18,"9":1,"10":18,"11":4,"12":18,"13":18,"14":18,"15":18,"16":18,"17":18},"f":{"0":1,"1":4},"b":{},"_coverageSchema":"1a1c01bbd47fc00a2c39e90264f33305004495a9","hash":"4a123360646a49ebdc49d34a867e6d96cd967cea"}
,"/Users/revinaawalia/Downloads/imron-hacktiv8-excercise/phase2/snp-500-ai/server/routes/market.js": {"path":"/Users/revinaawalia/Downloads/imron-hacktiv8-excercise/phase2/snp-500-ai/server/routes/market.js","statementMap":{"0":{"start":{"line":1,"column":16},"end":{"line":1,"column":34}},"1":{"start":{"line":2,"column":15},"end":{"line":2,"column":31}},"2":{"start":{"line":3,"column":29},"end":{"line":3,"column":71}},"3":{"start":{"line":5,"column":0},"end":{"line":5,"column":50}},"4":{"start":{"line":7,"column":0},"end":{"line":7,"column":24}}},"fnMap":{},"branchMap":{},"s":{"0":18,"1":18,"2":18,"3":18,"4":18},"f":{},"b":{},"_coverageSchema":"1a1c01bbd47fc00a2c39e90264f33305004495a9","hash":"d34e00bd5cb781664c325e544445223dc3335f8f"}
,"/Users/revinaawalia/Downloads/imron-hacktiv8-excercise/phase2/snp-500-ai/server/routes/stocks.js": {"path":"/Users/revinaawalia/Downloads/imron-hacktiv8-excercise/phase2/snp-500-ai/server/routes/stocks.js","statementMap":{"0":{"start":{"line":1,"column":16},"end":{"line":1,"column":34}},"1":{"start":{"line":2,"column":15},"end":{"line":2,"column":31}},"2":{"start":{"line":3,"column":28},"end":{"line":3,"column":69}},"3":{"start":{"line":5,"column":0},"end":{"line":5,"column":40}},"4":{"start":{"line":6,"column":0},"end":{"line":6,"column":52}},"5":{"start":{"line":7,"column":0},"end":{"line":7,"column":59}},"6":{"start":{"line":8,"column":0},"end":{"line":8,"column":53}},"7":{"start":{"line":9,"column":0},"end":{"line":9,"column":59}},"8":{"start":{"line":11,"column":0},"end":{"line":11,"column":24}}},"fnMap":{},"branchMap":{},"s":{"0":18,"1":18,"2":18,"3":18,"4":18,"5":18,"6":18,"7":18,"8":18},"f":{},"b":{},"_coverageSchema":"1a1c01bbd47fc00a2c39e90264f33305004495a9","hash":"06f0ece8f68d8c8ba0d32671dcd6b762f4737795"}
[...]
erver/services/finnhubService.js","statementMap":{"0":{"start":{"line":1,"column":14},"end":{"line":1,"column":30}},"1":{"start":{"line":3,"column":25},"end":{"line":3,"column":52}},"2":{"start":{"line":4,"column":24},"end":{"line":4,"column":51}},"3":{"start":{"line":6,"column":22},"end":{"line":12,"column":2}},"4":{"start":{"line":14,"column":17},"end":{"line":33,"column":1}},"5":{"start":{"line":15,"column":2},"end":{"line":32,"column":3}},"6":{"start":{"line":16,"column":21},"end":{"line":18,"column":6}},"7":{"start":{"line":19,"column":4},"end":{"line":28,"column":6}},"8":{"start":{"line":30,"column":4},"end":{"line":30,"column":74}},"9":{"start":{"line":31,"column":4},"end":{"line":31,"column":16}},"10":{"start":{"line":35,"column":26},"end":{"line":58,"column":1}},"11":{"start":{"line":36,"column":2},"end":{"line":57,"column":3}},"12":{"start":{"line":37,"column":21},"end":{"line":39,"column":6}},"13":{"start":{"line":40,"column":4},"end":{"line":53,"column":6}},"14":{"start":{"line":55,"column":4},"end":{"line":55,"column":83}},"15":{"start":{"line":56,"column":4},"end":{"line":56,"column":16}},"16":{"start":{"line":60,"column":23},"end":{"line":81,"column":1}},"17":{"start":{"line":61,"column":2},"end":{"line":80,"column":3}},"18":{"start":{"line":62,"column":21},"end":{"line":68,"column":6}},"19":{"start":{"line":69,"column":4},"end":{"line":76,"column":8}},"20":{"start":{"line":69,"column":31},"end":{"line":76,"column":5}},"21":{"start":{"line":78,"column":4},"end":{"line":78,"column":80}},"22":{"start":{"line":79,"column":4},"end":{"line":79,"column":16}},"23":{"start":{"line":85,"column":22},"end":{"line":107,"column":1}},"24":{"start":{"line":86,"column":2},"end":{"line":106,"column":3}},"25":{"start":{"line":87,"column":21},"end":{"line":94,"column":6}},"26":{"start":{"line":95,"column":4},"end":{"line":102,"column":8}},"27":{"start":{"line":95,"column":44},"end":{"line":102,"column":5}},"28":{"start":{"line":104,"column":4},"end":{"line":104,"column":65}},"29":{"start":{"line":105,"column":4},"end":{"line":105,"column":16}},"30":{"start":{"line":109,"column":26},"end":{"line":126,"column":1}},"31":{"start":{"line":110,"column":2},"end":{"line":125,"column":3}},"32":{"start":{"line":111,"column":21},"end":{"line":113,"column":6}},"33":{"start":{"line":114,"column":14},"end":{"line":114,"column":32}},"34":{"start":{"line":115,"column":4},"end":{"line":121,"column":6}},"35":{"start":{"line":123,"column":4},"end":{"line":123,"column":83}},"36":{"start":{"line":124,"column":4},"end":{"line":124,"column":16}},"37":{"start":{"line":128,"column":0},"end":{"line":134,"column":2}}},"fnMap":{"0":{"name":"(anonymous_0)","decl":{"start":{"line":14,"column":17},"end":{"line":14,"column":18}},"loc":{"start":{"line":14,"column":35},"end":{"line":33,"column":1}},"line":14},"1":{"name":"(anonymous_1)","decl":{"start":{"line":35,"column":26},"end":{"line":35,"column":27}},"loc":{"start":{"line":35,"column":44},"end":{"line":58,"column":1}},"line":35},"2":{"name":"(anonymous_2)","decl":{"start":{"line":60,"column":23},"end":{"line":60,"column":24}},"loc":{"start":{"line":60,"column":59},"end":{"line":81,"column":1}},"line":60},"3":{"name":"(anonymous_3)","decl":{"start":{"line":69,"column":20},"end":{"line":69,"column":21}},"loc":{"start":{"line":69,"column":31},"end":{"line":76,"column":5}},"line":69},"4":{"name":"(anonymous_4)","decl":{"start":{"line":85,"column":22},"end":{"line":85,"column":23}},"loc":{"start":{"line":85,"column":50},"end":{"line":107,"column":1}},"line":85},"5":{"name":"(anonymous_5)","decl":{"start":{"line":95,"column":33},"end":{"line":95,"column":34}},"loc":{"start":{"line":95,"column":44},"end":{"line":102,"column":5}},"line":95},"6":{"name":"(anonymous_6)","decl":{"start":{"line":109,"column":26},"end":{"line":109,"column":27}},"loc":{"start":{"line":109,"column":44},"end":{"line":126,"column":1}},"line":109}},"branchMap":{"0":{"loc":{"start":{"line":114,"column":14},"end":{"line":114,"column":32}},"type":"binary-expr","locations":[{"start":{"line":114,"column":14},"end":{"line":114,"column":26}},{"start":{"line":114,"column":30},"end":{"line":114,"column":32}}],"line":114},"1":{"loc":{"start":{"line":116,"column":16},"end":{"line":116,"column":76}},"type":"binary-expr","locations":[{"start":{"line":116,"column":16},"end":{"line":116,"column":37}},{"start":{"line":116,"column":41},"end":{"line":116,"column":48}},{"start":{"line":116,"column":52},"end":{"line":116,"column":68}},{"start":{"line":116,"column":72},"end":{"line":116,"column":76}}],"line":116},"2":{"loc":{"start":{"line":117,"column":18},"end":{"line":117,"column":48}},"type":"binary-expr","locations":[{"start":{"line":117,"column":18},"end":{"line":117,"column":40}},{"start":{"line":117,"column":44},"end":{"line":117,"column":48}}],"line":117},"3":{"loc":{"start":{"line":118,"column":19},"end":{"line":118,"column":42}},"type":"binary-expr","locations":[{"start":{"line":118,"column":19},"end":{"line":118,"column":34}},{"start":{"line":118,"column":38},"end":{"line":118,"column":42}}],"line":118},"4":{"loc":{"start":{"line":119,"column":18},"end":{"line":119,"column":40}},"type":"binary-expr","locations":[{"start":{"line":119,"column":18},"end":{"line":119,"column":32}},{"start":{"line":119,"column":36},"end":{"line":119,"column":40}}],"line":119},"5":{"loc":{"start":{"line":120,"column":12},"end":{"line":120,"column":26}},"type":"binary-expr","locations":[{"start":{"line":120,"column":12},"end":{"line":120,"column":18}},{"start":{"line":120,"column":22},"end":{"line":120,"column":26}}],"line":120}},"s":{"0":19,"1":19,"2":19,"3":19,"4":19,"5":2,"6":2,"7":1,"8":1,"9":1,"10":19,"11":2,"12":2,"13":1,"14":1,"15":1,"16":19,"17":4,"18":4,"19":3,"20":2,"21":1,"22":1,"23":19,"24":2,"25":2,"26":1,"27":10,"28":1,"29":1,"30":19,"31":8,"32":8,"33":7,"34":7,"35":1,"36":1,"37":19},"f":{"0":2,"1":2,"2":4,"3":2,"4":2,"5":10,"6":8},"b":{"0":[7,1],"1":[7,6,5,4],"2":[7,3],"3":[7,2],"4":[7,2],"5":[7,3]},"_coverageSchema":"1a1c01bbd47fc00a2c39e90264f33305004495a9","hash":"50e5235ba65d0384c6e9cfd02025e3119f5b4009"}
,"/Users/revinaawalia/Downloads/imron-hacktiv8-excercise/phase2/snp-500-ai/server/services/geminiService.js": {"path":"/Users/revinaawalia/Downloads/imron-hacktiv8-excercise/phase2/snp-500-ai/server/services/geminiService.js","statementMap":{"0":{"start":{"line":1,"column":24},"end":{"line":1,"column":48}},"1":{"start":{"line":3,"column":23},"end":{"line":3,"column":49}},"2":{"start":{"line":7,"column":32},"end":{"line":12,"column":17}},"3":{"start":{"line":14,"column":9},"end":{"line":14,"column":13}},"4":{"start":{"line":15,"column":18},"end":{"line":15,"column":22}},"5":{"start":{"line":17,"column":0},"end":{"line":19,"column":1}},"6":{"start":{"line":18,"column":2},"end":{"line":18,"column":51}},"7":{"start":{"line":21,"column":20},"end":{"line":48,"column":74}},"8":{"start":{"line":21,"column":35},"end":{"line":48,"column":74}},"9":{"start":{"line":46,"column":61},"end":{"line":46,"column":85}},"10":{"start":{"line":52,"column":23},"end":{"line":89,"column":1}},"11":{"start":{"line":53,"column":21},"end":{"line":53,"column":74}},"12":{"start":{"line":56,"column":2},"end":{"line":86,"column":3}},"13":{"start":{"line":57,"column":4},"end":{"line":85,"column":5}},"14":{"start":{"line":58,"column":23},"end":{"line":61,"column":8}},"15":{"start":{"line":65,"column":19},"end":{"line":65,"column":39}},"16":{"start":{"line":67,"column":26},"end":{"line":67,"column":87}},"17":{"start":{"line":68,"column":22},"end":{"line":68,"column":45}},"18":{"start":{"line":70,"column":6},"end":{"line":70,"column":26}},"19":{"start":{"line":71,"column":6},"end":{"line":77,"column":8}},"20":{"start":{"line":79,"column":6},"end":{"line":79,"column":24}},"21":{"start":{"line":80,"column":6},"end":{"line":80,"column":70}},"22":{"start":{"line":82,"column":6},"end":{"line":84,"column":7}},"23":{"start":{"line":83,"column":8},"end":{"line":83,"column":20}},"24":{"start":{"line":88,"column":2},"end":{"line":88,"column":18}},"25":{"start":{"line":91,"column":24},"end":{"line":105,"column":1}},"26":{"start":{"line":92,"column":2},"end":{"line":94,"column":3}},"27":{"start":{"line":93,"column":4},"end":{"line":93,"column":132}},"28":{"start":{"line":96,"column":2},"end":{"line":104,"column":3}},"29":{"start":{"line":97,"column":4},"end":{"line":97,"column":43}},"30":{"start":{"line":99,"column":4},"end":{"line":101,"column":5}},"31":{"start":{"line":100,"column":6},"end":{"line":100,"column":18}},"32":{"start":{"line":102,"column":4},"end":{"line":102,"column":66}},"33":{"start":{"line":103,"column":4},"end":{"line":103,"column":71}},"34":{"start":{"line":107,"column":0},"end":{"line":109,"column":2}}},"fnMap":{"0":{"name":"(anonymous_0)","decl":{"start":{"line":21,"column":20},"end":{"line":21,"column":21}},"loc":{"start":{"line":21,"column":35},"end":{"line":48,"column":74}},"line":21},"1":{"name":"(anonymous_1)","decl":{"start":{"line":46,"column":54},"end":{"line":46,"column":55}},"loc":{"start":{"line":46,"column":61},"end":{"line":46,"column":85}},"line":46},"2":{"name":"(anonymous_2)","decl":{"start":{"line":52,"column":23},"end":{"line":52,"column":24}},"loc":{"start":{"line":52,"column":44},"end":{"line":89,"column":1}},"line":52},"3":{"name":"(anonymous_3)","decl":{"start":{"line":91,"column":24},"end":{"line":91,"column":25}},"loc":{"start":{"line":91,"column":45},"end":{"line":105,"column":1}},"line":91}},"branchMap":{"0":{"loc":{"start":{"line":17,"column":0},"end":{"line":19,"column":1}},"type":"if","locations":[{"start":{"line":17,"column":0},"end":{"line":19,"column":1}},{"start":{},"end":{}}],"line":17},"1":{"loc":{"start":{"line":43,"column":2},"end":{"line":43,"column":92}},"type":"cond-expr","locations":[{"start":{"line":43,"column":28},"end":{"line":43,"column":62}},{"start":{"line":43,"column":65},"end":{"line":43,"column":92}}],"line":43},"2":{"loc":{"start":{"line":46,"column":2},"end":{"line":46,"column":123}},"type":"cond-expr","locations":[{"start":{"line":46,"column":27},"end":{"line":46,"column":97}},{"start":{"line":46,"column":100},"end":{"line":46,"column":123}}],"line":46},"3":{"loc":{"start":{"line":53,"column":21},"end":{"line":53,"column":74}},"type":"cond-expr","locations":[{"start":{"line":53,"column":35},"end":{"line":53,"column":48}},{"start":{"line":53,"column":51},"end":{"line":53,"column":74}}],"line":53},"4":{"loc":{"start":{"line":82,"column":6},"end":{"line":84,"column":7}},"type":"if","locations":[{"start":{"line":82,"column":6},"end":{"line":84,"column":7}},{"start":{},"end":{}}],"line":82},"5":{"loc":{"start":{"line":82,"column":86},"end":{"line":82,"column":105}},"type":"binary-expr","locations":[{"start":{"line":82,"column":86},"end":{"line":82,"column":99}},{"start":{"line":82,"column":103},"end":{"line":82,"column":105}}],"line":82},"6":{"loc":{"start":{"line":92,"column":2},"end":{"line":94,"column":3}},"type":"if","locations":[{"start":{"line":92,"column":2},"end":{"line":94,"column":3}},{"start":{},"end":{}}],"line":92},"7":{"loc":{"start":{"line":92,"column":6},"end":{"line":92,"column":28}},"type":"binary-expr","locations":[{"start":{"line":92,"column":6},"end":{"line":92,"column":21}},{"start":{"line":92,"column":25},"end":{"line":92,"column":28}}],"line":92},"8":{"loc":{"start":{"line":99,"column":4},"end":{"line":101,"column":5}},"type":"if","locations":[{"start":{"line":99,"column":4},"end":{"line":101,"column":5}},{"start":{},"end":{}}],"line":99}},"s":{"0":25,"1":25,"2":25,"3":25,"4":25,"5":25,"6":16,"7":25,"8":15,"9":1,"10":25,"11":8,"12":8,"13":15,"14":15,"15":4,"16":4,"17":4,"18":4,"19":4,"20":11,"21":11,"22":11,"23":2,"24":2,"25":25,"26":9,"27":1,"28":8,"29":8,"30":4,"31":1,"32":3,"33":3,"34":25},"f":{"0":15,"1":1,"2":8,"3":9},"b":{"0":[16,9],"1":[1,14],"2":[1,14],"3":[1,7],"4":[2,9],"5":[11,1],"6":[1,8],"7":[9,8],"8":[1,3]},"_coverageSchema":"1a1c01bbd47fc00a2c39e90264f33305004495a9","hash":"7ca2d519920d220c799b578b3f14868560ca574f"}
,"/Users/revinaawalia/Downloads/imron-hacktiv8-excercise/phase2/snp-500-ai/server/services/twelveDataService.js": {"path":"/Users/revinaawalia/Downloads/imron-hacktiv8-excercise/phase2/snp-500-ai/server/services/twelveDataService.js","statementMap":{"0":{"start":{"line":1,"column":14},"end":{"line":1,"column":30}},"1":{"start":{"line":2,"column":31},"end":{"line":2,"column":61}},"2":{"start":{"line":4,"column":29},"end":{"line":4,"column":57}},"3":{"start":{"line":5,"column":28},"end":{"line":5,"column":59}},"4":{"start":{"line":7,"column":25},"end":{"line":10,"column":2}},"5":{"start":{"line":14,"column":33},"end":{"line":19,"column":1}},"6":{"start":{"line":22,"column":28},"end":{"line":31,"column":1}},"7":{"start":{"line":33,"column":22},"end":{"line":71,"column":1}},"8":{"start":{"line":34,"column":2},"end":{"line":70,"column":3}},"9":{"start":{"line":35,"column":21},"end":{"line":37,"column":73}},"10":{"start":{"line":38,"column":37},"end":{"line":38,"column":45}},"11":{"start":{"line":40,"column":21},"end":{"line":48,"column":6}},"12":{"start":{"line":50,"column":4},"end":{"line":52,"column":5}},"13":{"start":{"line":51,"column":6},"end":{"line":51,"column":63}},"14":{"start":{"line":54,"column":4},"end":{"line":56,"column":5}},"15":{"start":{"line":55,"column":6},"end":{"line":55,"column":16}},"16":{"start":{"line":58,"column":4},"end":{"line":66,"column":8}},"17":{"start":{"line":58,"column":38},"end":{"line":66,"column":5}},"18":{"start":{"line":68,"column":4},"end":{"line":68,"column":83}},"19":{"start":{"line":69,"column":4},"end":{"line":69,"column":16}},"20":{"start":{"line":76,"column":23},"end":{"line":103,"column":1}},"21":{"start":{"line":77,"column":2},"end":{"line":102,"column":3}},"22":{"start":{"line":78,"column":21},"end":{"line":83,"column":6}},"23":{"start":{"line":85,"column":4},"end":{"line":87,"column":5}},"24":{"start":{"line":86,"column":6},"end":{"line":86,"column":65}},"25":{"start":{"line":89,"column":4},"end":{"line":98,"column":6}},"26":{"start":{"line":100,"column":4},"end":{"line":100,"column":84}},"27":{"start":{"line":101,"column":4},"end":{"line":101,"column":16}},"28":{"start":{"line":105,"column":0},"end":{"line":108,"column":2}}},"fnMap":{"0":{"name":"(anonymous_0)","decl":{"start":{"line":33,"column":22},"end":{"line":33,"column":23}},"loc":{"start":{"line":33,"column":79},"end":{"line":71,"column":1}},"line":33},"1":{"name":"(anonymous_1)","decl":{"start":{"line":58,"column":27},"end":{"line":58,"column":28}},"loc":{"start":{"line":58,"column":38},"end":{"line":66,"column":5}},"line":58},"2":{"name":"(anonymous_2)","decl":{"start":{"line":76,"column":23},"end":{"line":76,"column":24}},"loc":{"start":{"line":76,"column":41},"end":{"line":103,"column":1}},"line":76}},"branchMap":{"0":{"loc":{"start":{"line":33,"column":37},"end":{"line":33,"column":49}},"type":"default-arg","locations":[{"start":{"line":33,"column":45},"end":{"line":33,"column":49}}],"line":33},"1":{"loc":{"start":{"line":33,"column":51},"end":{"line":33,"column":74}},"type":"default-arg","locations":[{"start":{"line":33,"column":70},"end":{"line":33,"column":74}}],"line":33},"2":{"loc":{"start":{"line":35,"column":21},"end":{"line":37,"column":73}},"type":"cond-expr","locations":[{"start":{"line":36,"column":8},"end":{"line":36,"column":45}},{"start":{"line":37,"column":8},"end":{"line":37,"column":73}}],"line":35},"3":{"loc":{"start":{"line":35,"column":21},"end":{"line":35,"column":78}},"type":"binary-expr","locations":[{"start":{"line":35,"column":21},"end":{"line":35,"column":37}},{"start":{"line":35,"column":41},"end":{"line":35,"column":78}}],"line":35},"4":{"loc":{"start":{"line":37,"column":8},"end":{"line":37,"column":73}},"type":"binary-expr","locations":[{"start":{"line":37,"column":8},"end":{"line":37,"column":39}},{"start":{"line":37,"column":43},"end":{"line":37,"column":73}}],"line":37},"5":{"loc":{"start":{"line":50,"column":4},"end":{"line":52,"column":5}},"type":"if","locations":[{"start":{"line":50,"column":4},"end":{"line":52,"column":5}},{"start":{},"end":{}}],"line":50},"6":{"loc":{"start":{"line":51,"column":22},"end":{"line":51,"column":61}},"type":"binary-expr","locations":[{"start":{"line":51,"column":22},"end":{"line":51,"column":34}},{"start":{"line":51,"column":38},"end":{"line":51,"column":61}}],"line":51},"7":{"loc":{"start":{"line":54,"column":4},"end":{"line":56,"column":5}},"type":"if","locations":[{"start":{"line":54,"column":4},"end":{"line":56,"column":5}},{"start":{},"end":{}}],"line":54},"8":{"loc":{"start":{"line":54,"column":8},"end":{"line":54,"column":51}},"type":"binary-expr","locations":[{"start":{"line":54,"column":8},"end":{"line":54,"column":20}},{"start":{"line":54,"column":24},"end":{"line":54,"column":51}}],"line":54},"9":{"loc":{"start":{"line":64,"column":14},"end":{"line":64,"column":60}},"type":"cond-expr","locations":[{"start":{"line":64,"column":28},"end":{"line":64,"column":53}},{"start":{"line":64,"column":56},"end":{"line":64,"column":60}}],"line":64},"10":{"loc":{"start":{"line":85,"column":4},"end":{"line":87,"column":5}},"type":"if","locations":[{"start":{"line":85,"column":4},"end":{"line":87,"column":5}},{"start":{},"end":{}}],"line":85},"11":{"loc":{"start":{"line":85,"column":8},"end":{"line":85,"column":53}},"type":"binary-expr","locations":[{"start":{"line":85,"column":8},"end":{"line":85,"column":31}},{"start":{"line":85,"column":35},"end":{"line":85,"column":53}}],"line":85},"12":{"loc":{"start":{"line":86,"column":22},"end":{"line":86,"column":63}},"type":"binary-expr","locations":[{"start":{"line":86,"column":22},"end":{"line":86,"column":34}},{"start":{"line":86,"column":38},"end":{"line":86,"column":63}}],"line":86},"13":{"loc":{"start":{"line":91,"column":14},"end":{"line":91,"column":66}},"type":"cond-expr","locations":[{"start":{"line":91,"column":36},"end":{"line":91,"column":59}},{"start":{"line":91,"column":62},"end":{"line":91,"column":66}}],"line":91},"14":{"loc":{"start":{"line":92,"column":22},"end":{"line":92,"column":90}},"type":"cond-expr","locations":[{"start":{"line":92,"column":52},"end":{"line":92,"column":83}},{"start":{"line":92,"column":86},"end":{"line":92,"column":90}}],"line":92},"15":{"loc":{"start":{"line":93,"column":12},"end":{"line":93,"column":60}},"type":"cond-expr","locations":[{"start":{"line":93,"column":32},"end":{"line":93,"column":53}},{"start":{"line":93,"column":56},"end":{"line":93,"column":60}}],"line":93},"16":{"loc":{"start":{"line":94,"column":11},"end":{"line":94,"column":57}},"type":"cond-expr","locations":[{"start":{"line":94,"column":30},"end":{"line":94,"column":50}},{"start":{"line":94,"column":53},"end":{"line":94,"column":57}}],"line":94},"17":{"loc":{"start":{"line":95,"column":12},"end":{"line":95,"column":60}},"type":"cond-expr","locations":[{"start":{"line":95,"column":32},"end":{"line":95,"column":53}},{"start":{"line":95,"column":56},"end":{"line":95,"column":60}}],"line":95},"18":{"loc":{"start":{"line":96,"column":22},"end":{"line":96,"column":90}},"type":"cond-expr","locations":[{"start":{"line":96,"column":52},"end":{"line":96,"column":83}},{"start":{"line":96,"column":86},"end":{"line":96,"column":90}}],"line":96},"19":{"loc":{"start":{"line":97,"column":17},"end":{"line":97,"column":141}},"type":"cond-expr","locations":[{"start":{"line":97,"column":33},"end":{"line":97,"column":109}},{"start":{"line":97,"column":112},"end":{"line":97,"column":141}}],"line":97}},"s":{"0":19,"1":19,"2":19,"3":19,"4":19,"5":19,"6":19,"7":19,"8":25,"9":25,"10":25,"11":25,"12":16,"13":2,"14":14,"15":2,"16":12,"17":3,"18":11,"19":11,"20":19,"21":7,"22":7,"23":6,"24":3,"25":3,"26":4,"27":4,"28":19},"f":{"0":25,"1":3,"2":7},"b":{"0":[9],"1":[14],"2":[7,18],"3":[25,8],"4":[18,1],"5":[2,14],"6":[2,1],"7":[2,12],"8":[14,13],"9":[2,1],"10":[3,3],"11":[6,4],"12":[3,2],"13":[1,2],"14":[1,2],"15":[1,2],"16":[1,2],"17":[1,2],"18":[1,2],"19":[1,2]},"_coverageSchema":"1a1c01bbd47fc00a2c39e90264f33305004495a9","hash":"90055211b160d1f5cebcfd8b3da6046e804eb79a"}
}
