TN:
SF:app.js
FN:20,(anonymous_0)
FN:35,errorHandler
FNF:2
FNH:2
FNDA:99,(anonymous_0)
FNDA:3,errorHandler
DA:1,18
DA:2,17
DA:5,18
DA:6,18
DA:7,18
DA:8,18
DA:10,18
DA:20,18
DA:21,99
DA:22,99
DA:23,99
DA:26,18
DA:27,18
DA:28,18
DA:30,18
DA:36,3
DA:37,3
DA:42,18
DA:44,18
DA:45,18
LF:20
LH:20
BRDA:1,0,0,17
BRDA:1,0,1,1
BRDA:12,1,0,18
BRDA:12,1,1,7
BRDA:37,2,0,3
BRDA:37,2,1,1
BRDA:38,3,0,3
BRDA:38,3,1,1
BRF:8
BRH:8
end_of_record
TN:
SF:constants/stocks.js
FN:93,(anonymous_0)
FN:96,(anonymous_1)
FN:101,(anonymous_2)
FN:108,(anonymous_3)
FN:110,(anonymous_4)
FNF:5
FNH:5
FNDA:63,(anonymous_0)
FNDA:39,(anonymous_1)
FNDA:5,(anonymous_2)
FNDA:2,(anonymous_3)
FNDA:2,(anonymous_4)
DA:1,20
DA:86,20
DA:93,20
DA:94,63
DA:96,20
DA:97,39
DA:98,39
DA:101,20
DA:102,5
DA:103,5
DA:108,20
DA:109,2
DA:110,2
DA:112,2
DA:115,20
LF:15
LH:15
BRDA:94,0,0,63
BRDA:94,0,1,9
BRDA:97,1,0,39
BRDA:97,1,1,3
BRDA:98,2,0,10
BRDA:98,2,1,29
BRDA:102,3,0,5
BRDA:102,3,1,3
BRDA:103,4,0,1
BRDA:103,4,1,4
BRDA:112,5,0,1
BRDA:112,5,1,1
BRF:12
BRH:12
end_of_record
TN:
SF:controllers/authController.js
FN:11,(anonymous_0)
FN:56,(anonymous_1)
FN:103,(anonymous_2)
FN:173,(anonymous_3)
FN:207,(anonymous_4)
FNF:5
FNH:5
FNDA:10,(anonymous_0)
FNDA:5,(anonymous_1)
FNDA:6,(anonymous_2)
FNDA:4,(anonymous_3)
FNDA:1,(anonymous_4)
DA:1,18
DA:2,18
DA:3,18
DA:4,18
DA:6,18
DA:7,18
DA:8,18
DA:12,10
DA:13,10
DA:15,10
DA:16,4
DA:19,6
DA:20,1
DA:23,5
DA:24,5
DA:25,3
DA:28,2
DA:34,1
DA:40,1
DA:42,1
DA:52,9
DA:57,5
DA:58,5
DA:60,5
DA:61,2
DA:64,3
DA:66,3
DA:67,1
DA:70,2
DA:71,0
DA:74,2
DA:75,1
DA:78,1
DA:79,1
DA:81,1
DA:87,1
DA:89,1
DA:99,4
DA:104,6
DA:105,6
DA:107,6
DA:108,0
DA:111,6
DA:112,2
DA:115,4
DA:120,0
DA:121,0
DA:123,0
DA:125,0
DA:126,0
DA:127,0
DA:128,0
DA:129,0
DA:130,0
DA:131,0
DA:133,0
DA:142,0
DA:143,0
DA:146,0
DA:152,0
DA:154,0
DA:165,6
DA:166,2
DA:168,4
DA:174,4
DA:175,4
DA:176,4
DA:178,4
DA:179,4
DA:180,0
DA:183,4
DA:184,1
DA:187,3
DA:188,3
DA:189,3
DA:191,3
DA:193,3
DA:203,1
DA:208,1
DA:209,1
DA:211,1
DA:216,1
DA:217,0
DA:220,1
DA:231,0
DA:236,18
LF:86
LH:65
BRDA:7,0,0,10
BRDA:7,0,1,8
BRDA:8,1,0,10
BRDA:8,1,1,8
BRDA:15,2,0,4
BRDA:15,2,1,6
BRDA:15,3,0,10
BRDA:15,3,1,7
BRDA:15,3,2,6
BRDA:19,4,0,1
BRDA:19,4,1,5
BRDA:24,5,0,3
BRDA:24,5,1,2
BRDA:60,6,0,2
BRDA:60,6,1,3
BRDA:60,7,0,5
BRDA:60,7,1,3
BRDA:66,8,0,1
BRDA:66,8,1,2
BRDA:70,9,0,0
BRDA:70,9,1,2
BRDA:74,10,0,1
BRDA:74,10,1,1
BRDA:107,11,0,0
BRDA:107,11,1,6
BRDA:107,12,0,6
BRDA:107,12,1,6
BRDA:111,13,0,2
BRDA:111,13,1,4
BRDA:125,14,0,0
BRDA:125,14,1,0
BRDA:127,15,0,0
BRDA:127,15,1,0
BRDA:130,16,0,0
BRDA:130,16,1,0
BRDA:165,17,0,2
BRDA:165,17,1,4
BRDA:165,18,0,6
BRDA:165,18,1,6
BRDA:179,19,0,0
BRDA:179,19,1,4
BRDA:183,20,0,1
BRDA:183,20,1,3
BRDA:183,21,0,4
BRDA:183,21,1,3
BRDA:183,21,2,2
BRDA:188,22,0,2
BRDA:188,22,1,1
BRDA:189,23,0,2
BRDA:189,23,1,1
BRDA:216,24,0,0
BRDA:216,24,1,1
BRF:52
BRH:42
end_of_record
TN:
SF:controllers/marketController.js
FN:4,(anonymous_0)
FN:18,(anonymous_1)
FNF:2
FNH:2
FNDA:7,(anonymous_0)
FNDA:18,(anonymous_1)
DA:1,19
DA:5,7
DA:6,7
DA:12,6
DA:18,18
DA:28,6
DA:33,1
DA:38,19
LF:8
LH:8
BRDA:19,0,0,17
BRDA:19,0,1,1
BRDA:20,1,0,17
BRDA:20,1,1,1
BRDA:21,2,0,17
BRDA:21,2,1,1
BRDA:22,3,0,17
BRDA:22,3,1,1
BRF:8
BRH:8
end_of_record
TN:
SF:controllers/stockController.js
FN:8,(anonymous_0)
FN:28,(anonymous_1)
FN:44,(anonymous_2)
FN:119,(anonymous_3)
FN:183,(anonymous_4)
FN:215,(anonymous_5)
FN:230,(anonymous_6)
FN:262,(anonymous_7)
FN:287,(anonymous_8)
FN:302,(anonymous_9)
FN:345,(anonymous_10)
FN:346,(anonymous_11)
FNF:12
FNH:8
FNDA:2,(anonymous_0)
FNDA:62,(anonymous_1)
FNDA:4,(anonymous_2)
FNDA:14,(anonymous_3)
FNDA:0,(anonymous_4)
FNDA:90,(anonymous_5)
FNDA:7,(anonymous_6)
FNDA:0,(anonymous_7)
FNDA:2,(anonymous_8)
FNDA:7,(anonymous_9)
FNDA:0,(anonymous_10)
FNDA:0,(anonymous_11)
DA:1,18
DA:2,18
DA:3,18
DA:4,18
DA:5,18
DA:9,2
DA:10,2
DA:12,2
DA:13,2
DA:14,1
DA:17,2
DA:28,62
DA:38,2
DA:40,0
DA:45,4
DA:46,4
DA:48,4
DA:58,4
DA:59,3
DA:66,1
DA:72,1
DA:73,1
DA:74,1
DA:75,1
DA:84,0
DA:88,1
DA:115,3
DA:120,14
DA:121,14
DA:122,14
DA:126,14
DA:127,14
DA:129,14
DA:130,14
DA:131,3
DA:135,11
DA:136,11
DA:138,11
DA:140,5
DA:141,5
DA:143,1
DA:144,1
DA:146,2
DA:147,2
DA:149,3
DA:150,3
DA:152,0
DA:155,11
DA:157,11
DA:169,11
DA:170,8
DA:172,8
DA:176,8
DA:182,0
DA:183,0
DA:194,0
DA:199,0
DA:211,8
DA:215,90
DA:224,11
DA:226,3
DA:231,7
DA:232,7
DA:233,7
DA:235,7
DA:236,7
DA:237,3
DA:240,4
DA:246,4
DA:247,4
DA:249,4
DA:250,2
DA:251,2
DA:252,2
DA:255,2
DA:259,2
DA:260,0
DA:262,0
DA:272,0
DA:276,0
DA:283,0
DA:287,4
DA:296,4
DA:298,3
DA:303,7
DA:304,7
DA:306,7
DA:307,7
DA:308,3
DA:311,4
DA:316,4
DA:317,4
DA:320,4
DA:321,1
DA:322,1
DA:323,1
DA:328,1
DA:334,1
DA:345,0
DA:346,0
DA:352,1
DA:354,1
DA:356,1
DA:363,0
DA:364,0
DA:365,0
DA:370,4
DA:371,0
DA:374,4
DA:382,3
DA:387,18
LF:111
LH:93
BRDA:13,0,0,1
BRDA:13,0,1,1
BRDA:13,1,0,2
BRDA:13,1,1,1
BRDA:33,2,0,2
BRDA:33,2,1,60
BRDA:34,3,0,2
BRDA:34,3,1,60
BRDA:35,4,0,2
BRDA:35,4,1,60
BRDA:58,5,0,3
BRDA:58,5,1,1
BRDA:66,6,0,1
BRDA:66,6,1,0
BRDA:67,7,0,1
BRDA:67,7,1,1
BRDA:67,7,2,1
BRDA:67,7,3,1
BRDA:74,8,0,1
BRDA:74,8,1,0
BRDA:76,9,0,1
BRDA:76,9,1,1
BRDA:77,10,0,1
BRDA:77,10,1,1
BRDA:78,11,0,1
BRDA:78,11,1,0
BRDA:79,12,0,1
BRDA:79,12,1,0
BRDA:80,13,0,1
BRDA:80,13,1,1
BRDA:101,14,0,1
BRDA:101,14,1,0
BRDA:122,15,0,3
BRDA:122,16,0,3
BRDA:127,17,0,5
BRDA:127,17,1,9
BRDA:130,18,0,3
BRDA:130,18,1,11
BRDA:138,19,0,5
BRDA:138,19,1,1
BRDA:138,19,2,2
BRDA:138,19,3,3
BRDA:138,19,4,0
BRDA:169,20,0,8
BRDA:169,20,1,3
BRDA:172,21,0,0
BRDA:172,21,1,8
BRDA:182,22,0,0
BRDA:182,22,1,0
BRDA:233,23,0,6
BRDA:236,24,0,3
BRDA:236,24,1,4
BRDA:247,25,0,4
BRDA:247,25,1,2
BRDA:249,26,0,2
BRDA:249,26,1,2
BRDA:255,27,0,0
BRDA:255,27,1,2
BRDA:259,28,0,0
BRDA:259,28,1,2
BRDA:307,29,0,3
BRDA:307,29,1,4
BRDA:317,30,0,4
BRDA:317,30,1,3
BRDA:320,31,0,1
BRDA:320,31,1,3
BRDA:338,32,0,1
BRDA:338,32,1,0
BRDA:339,33,0,1
BRDA:339,33,1,0
BRDA:364,34,0,0
BRDA:364,34,1,0
BRDA:370,35,0,0
BRDA:370,35,1,4
BRF:74
BRH:58
end_of_record
TN:
SF:controllers/watchlistController.js
FN:4,(anonymous_0)
FN:19,(anonymous_1)
FN:36,(anonymous_2)
FN:76,(anonymous_3)
FNF:4
FNH:4
FNDA:6,(anonymous_0)
FNDA:4,(anonymous_1)
FNDA:9,(anonymous_2)
FNDA:5,(anonymous_3)
DA:1,19
DA:5,6
DA:6,6
DA:8,6
DA:19,5
DA:30,5
DA:32,1
DA:37,9
DA:38,9
DA:39,9
DA:41,9
DA:42,2
DA:45,7
DA:46,7
DA:47,2
DA:50,5
DA:54,5
DA:55,2
DA:58,3
DA:63,2
DA:72,7
DA:77,5
DA:78,5
DA:79,5
DA:81,5
DA:85,4
DA:86,2
DA:89,2
DA:91,2
DA:95,3
DA:100,19
LF:31
LH:31
BRDA:22,0,0,3
BRDA:22,0,1,1
BRDA:23,1,0,3
BRDA:23,1,1,1
BRDA:24,2,0,3
BRDA:24,2,1,1
BRDA:25,3,0,2
BRDA:25,3,1,2
BRDA:25,4,0,4
BRDA:25,4,1,3
BRDA:26,5,0,2
BRDA:26,5,1,2
BRDA:26,6,0,4
BRDA:26,6,1,3
BRDA:41,7,0,2
BRDA:41,7,1,7
BRDA:46,8,0,2
BRDA:46,8,1,5
BRDA:54,9,0,2
BRDA:54,9,1,3
BRDA:85,10,0,2
BRDA:85,10,1,2
BRF:22
BRH:22
end_of_record
TN:
SF:helpers/bcrypt.js
FN:3,(anonymous_0)
FN:9,(anonymous_1)
FNF:2
FNH:2
FNDA:10,(anonymous_0)
FNDA:2,(anonymous_1)
DA:1,20
DA:3,20
DA:4,10
DA:5,10
DA:6,10
DA:9,20
DA:10,2
DA:13,20
LF:8
LH:8
BRF:0
BRH:0
end_of_record
TN:
SF:helpers/jwt.js
FN:4,(anonymous_0)
FN:8,(anonymous_1)
FNF:2
FNH:2
FNDA:9,(anonymous_0)
FNDA:19,(anonymous_1)
DA:1,18
DA:2,18
DA:4,18
DA:5,9
DA:8,18
DA:9,19
DA:12,18
LF:7
LH:7
BRF:0
BRH:0
end_of_record
TN:
SF:middlewares/authMiddleware.js
FN:4,(anonymous_0)
FNF:1
FNH:1
FNDA:33,(anonymous_0)
DA:1,18
DA:2,18
DA:4,18
DA:5,33
DA:6,33
DA:8,33
DA:9,14
DA:12,19
DA:13,19
DA:15,14
DA:21,14
DA:22,1
DA:25,13
DA:31,13
DA:33,20
DA:37,18
LF:16
LH:16
BRDA:8,0,0,14
BRDA:8,0,1,19
BRDA:21,1,0,1
BRDA:21,1,1,13
BRF:4
BRH:4
end_of_record
TN:
SF:middlewares/errorHandler.js
FN:1,errorHandler
FNF:1
FNH:1
FNDA:63,errorHandler
DA:2,63
DA:3,63
DA:4,63
DA:6,63
DA:7,2
DA:8,2
DA:11,63
DA:12,1
DA:13,1
DA:16,63
DA:17,15
DA:18,15
DA:21,63
DA:22,26
DA:23,26
DA:26,63
DA:27,2
DA:28,2
DA:31,63
DA:32,14
DA:33,14
DA:36,63
DA:37,2
DA:38,2
DA:41,63
DA:44,18
LF:26
LH:26
BRDA:6,0,0,2
BRDA:6,0,1,61
BRDA:6,1,0,63
BRDA:6,1,1,62
BRDA:11,2,0,1
BRDA:11,2,1,62
BRDA:11,3,0,63
BRDA:11,3,1,62
BRDA:16,4,0,15
BRDA:16,4,1,48
BRDA:18,5,0,15
BRDA:18,5,1,0
BRDA:21,6,0,26
BRDA:21,6,1,37
BRDA:21,7,0,63
BRDA:21,7,1,42
BRDA:23,8,0,26
BRDA:23,8,1,15
BRDA:26,9,0,2
BRDA:26,9,1,61
BRDA:28,10,0,2
BRDA:28,10,1,1
BRDA:31,11,0,14
BRDA:31,11,1,49
BRDA:33,12,0,14
BRDA:33,12,1,0
BRDA:36,13,0,2
BRDA:36,13,1,61
BRDA:38,14,0,2
BRDA:38,14,1,1
BRF:30
BRH:28
end_of_record
TN:
SF:models/aiInsight.js
FN:3,(anonymous_0)
FN:5,(anonymous_1)
FNF:2
FNH:2
FNDA:19,(anonymous_0)
FNDA:19,(anonymous_1)
DA:1,19
DA:3,19
DA:6,19
DA:10,19
DA:39,19
LF:5
LH:5
BRF:0
BRH:0
end_of_record
TN:
SF:models/candle.js
FN:3,(anonymous_0)
FN:5,(anonymous_1)
FNF:2
FNH:2
FNDA:19,(anonymous_0)
FNDA:19,(anonymous_1)
DA:1,19
DA:3,19
DA:6,19
DA:10,19
DA:55,19
LF:5
LH:5
BRF:0
BRH:0
end_of_record
TN:
SF:models/index.js
FN:21,(anonymous_0)
FN:29,(anonymous_1)
FN:34,(anonymous_2)
FNF:3
FNH:3
FNDA:152,(anonymous_0)
FNDA:133,(anonymous_1)
FNDA:133,(anonymous_2)
DA:3,19
DA:4,19
DA:5,19
DA:6,19
DA:7,19
DA:8,19
DA:9,19
DA:10,19
DA:13,19
DA:14,1
DA:16,18
DA:19,19
DA:22,152
DA:30,133
DA:31,133
DA:34,19
DA:35,133
DA:36,133
DA:40,19
DA:41,19
DA:43,19
LF:21
LH:21
BRDA:8,0,0,19
BRDA:8,0,1,7
BRDA:13,1,0,1
BRDA:13,1,1,18
BRDA:23,2,0,152
BRDA:23,2,1,152
BRDA:23,2,2,133
BRDA:23,2,3,133
BRDA:35,3,0,133
BRDA:35,3,1,0
BRF:10
BRH:9
end_of_record
TN:
SF:models/news.js
FN:3,(anonymous_0)
FN:5,(anonymous_1)
FNF:2
FNH:2
FNDA:19,(anonymous_0)
FNDA:19,(anonymous_1)
DA:1,19
DA:3,19
DA:6,19
DA:10,19
DA:50,19
LF:5
LH:5
BRF:0
BRH:0
end_of_record
TN:
SF:models/quote.js
FN:3,(anonymous_0)
FN:5,(anonymous_1)
FNF:2
FNH:2
FNDA:19,(anonymous_0)
FNDA:19,(anonymous_1)
DA:1,19
DA:3,19
DA:6,19
DA:10,19
DA:60,19
LF:5
LH:5
BRF:0
BRH:0
end_of_record
TN:
SF:models/stock.js
FN:3,(anonymous_0)
FN:5,(anonymous_1)
FNF:2
FNH:2
FNDA:19,(anonymous_0)
FNDA:19,(anonymous_1)
DA:1,19
DA:3,19
DA:6,19
DA:7,19
DA:8,19
DA:9,19
DA:10,19
DA:14,19
DA:81,19
LF:9
LH:9
BRF:0
BRH:0
end_of_record
TN:
SF:models/user.js
FN:4,(anonymous_0)
FN:6,(anonymous_1)
FN:54,(anonymous_2)
FN:60,(anonymous_3)
FNF:4
FNH:4
FNDA:19,(anonymous_0)
FNDA:19,(anonymous_1)
FNDA:9,(anonymous_2)
FNDA:8,(anonymous_3)
DA:1,19
DA:2,19
DA:4,19
DA:7,19
DA:11,19
DA:54,19
DA:55,9
DA:56,8
DA:60,19
DA:61,8
DA:62,1
DA:66,19
LF:12
LH:12
BRDA:55,0,0,8
BRDA:55,0,1,1
BRDA:61,1,0,1
BRDA:61,1,1,7
BRDA:61,2,0,8
BRDA:61,2,1,3
BRF:6
BRH:6
end_of_record
TN:
SF:models/watchlist.js
FN:3,(anonymous_0)
FN:5,(anonymous_1)
FNF:2
FNH:2
FNDA:19,(anonymous_0)
FNDA:19,(anonymous_1)
DA:1,19
DA:3,19
DA:6,19
DA:7,19
DA:11,19
DA:36,19
LF:6
LH:6
BRF:0
BRH:0
end_of_record
TN:
SF:routes/auth.js
FNF:0
FNH:0
DA:1,18
DA:2,18
DA:3,18
DA:4,18
DA:6,18
DA:7,18
DA:8,18
DA:9,18
DA:10,18
DA:12,18
LF:10
LH:10
BRF:0
BRH:0
end_of_record
TN:
SF:routes/index.js
FN:10,(anonymous_0)
FN:14,(anonymous_1)
FNF:2
FNH:2
FNDA:1,(anonymous_0)
FNDA:4,(anonymous_1)
DA:1,18
DA:2,18
DA:3,18
DA:4,18
DA:5,18
DA:6,18
DA:7,18
DA:8,18
DA:10,18
DA:11,1
DA:14,18
DA:15,4
DA:21,18
DA:22,18
DA:23,18
DA:24,18
DA:26,18
DA:28,18
LF:18
LH:18
BRF:0
BRH:0
end_of_record
TN:
SF:routes/market.js
FNF:0
FNH:0
DA:1,18
DA:2,18
DA:3,18
DA:5,18
DA:7,18
LF:5
LH:5
BRF:0
BRH:0
end_of_record
TN:
SF:routes/stocks.js
FNF:0
FNH:0
DA:1,18
DA:2,18
DA:3,18
DA:5,18
DA:6,18
DA:7,18
DA:8,18
DA:9,18
DA:11,18
LF:9
LH:9
BRF:0
BRH:0
end_of_record
TN:
SF:routes/watchlist.js
FNF:0
FNH:0
DA:1,18
DA:2,18
DA:3,18
DA:5,18
DA:6,18
DA:7,18
DA:9,18
LF:7
LH:7
BRF:0
BRH:0
end_of_record
TN:
SF:services/finnhubService.js
FN:14,(anonymous_0)
FN:35,(anonymous_1)
FN:60,(anonymous_2)
FN:69,(anonymous_3)
FN:85,(anonymous_4)
FN:95,(anonymous_5)
FN:109,(anonymous_6)
FNF:7
FNH:7
FNDA:2,(anonymous_0)
FNDA:2,(anonymous_1)
FNDA:4,(anonymous_2)
FNDA:2,(anonymous_3)
FNDA:2,(anonymous_4)
FNDA:10,(anonymous_5)
FNDA:8,(anonymous_6)
DA:1,19
DA:3,19
DA:4,19
DA:6,19
DA:14,19
DA:15,2
DA:16,2
DA:19,1
DA:30,1
DA:31,1
DA:35,19
DA:36,2
DA:37,2
DA:40,1
DA:55,1
DA:56,1
DA:60,19
DA:61,4
DA:62,4
DA:69,3
DA:78,1
DA:79,1
DA:85,19
DA:86,2
DA:87,2
DA:95,10
DA:104,1
DA:105,1
DA:109,19
DA:110,8
DA:111,8
DA:114,7
DA:115,7
DA:123,1
DA:124,1
DA:128,19
LF:36
LH:36
BRDA:114,0,0,7
BRDA:114,0,1,1
BRDA:116,1,0,7
BRDA:116,1,1,6
BRDA:116,1,2,5
BRDA:116,1,3,4
BRDA:117,2,0,7
BRDA:117,2,1,3
BRDA:118,3,0,7
BRDA:118,3,1,2
BRDA:119,4,0,7
BRDA:119,4,1,2
BRDA:120,5,0,7
BRDA:120,5,1,3
BRF:14
BRH:14
end_of_record
TN:
SF:services/geminiService.js
FN:21,(anonymous_0)
FN:46,(anonymous_1)
FN:52,(anonymous_2)
FN:91,(anonymous_3)
FNF:4
FNH:4
FNDA:15,(anonymous_0)
FNDA:1,(anonymous_1)
FNDA:8,(anonymous_2)
FNDA:9,(anonymous_3)
DA:1,25
DA:3,25
DA:7,25
DA:14,25
DA:15,25
DA:17,25
DA:18,16
DA:21,25
DA:46,1
DA:52,25
DA:53,8
DA:56,8
DA:57,15
DA:58,15
DA:65,4
DA:67,4
DA:68,4
DA:70,4
DA:71,4
DA:79,11
DA:80,11
DA:82,11
DA:83,2
DA:88,2
DA:91,25
DA:92,9
DA:93,1
DA:96,8
DA:97,8
DA:99,4
DA:100,1
DA:102,3
DA:103,3
DA:107,25
LF:34
LH:34
BRDA:17,0,0,16
BRDA:17,0,1,9
BRDA:43,1,0,1
BRDA:43,1,1,14
BRDA:46,2,0,1
BRDA:46,2,1,14
BRDA:53,3,0,1
BRDA:53,3,1,7
BRDA:82,4,0,2
BRDA:82,4,1,9
BRDA:82,5,0,11
BRDA:82,5,1,1
BRDA:92,6,0,1
BRDA:92,6,1,8
BRDA:92,7,0,9
BRDA:92,7,1,8
BRDA:99,8,0,1
BRDA:99,8,1,3
BRF:18
BRH:18
end_of_record
TN:
SF:services/twelveDataService.js
FN:33,(anonymous_0)
FN:58,(anonymous_1)
FN:76,(anonymous_2)
FNF:3
FNH:3
FNDA:25,(anonymous_0)
FNDA:3,(anonymous_1)
FNDA:7,(anonymous_2)
DA:1,19
DA:2,19
DA:4,19
DA:5,19
DA:7,19
DA:14,19
DA:22,19
DA:33,19
DA:34,25
DA:35,25
DA:38,25
DA:40,25
DA:50,16
DA:51,2
DA:54,14
DA:55,2
DA:58,12
DA:68,11
DA:69,11
DA:76,19
DA:77,7
DA:78,7
DA:85,6
DA:86,3
DA:89,3
DA:100,4
DA:101,4
DA:105,19
LF:28
LH:28
BRDA:33,0,0,9
BRDA:33,1,0,14
BRDA:35,2,0,7
BRDA:35,2,1,18
BRDA:35,3,0,25
BRDA:35,3,1,8
BRDA:37,4,0,18
BRDA:37,4,1,1
BRDA:50,5,0,2
BRDA:50,5,1,14
BRDA:51,6,0,2
BRDA:51,6,1,1
BRDA:54,7,0,2
BRDA:54,7,1,12
BRDA:54,8,0,14
BRDA:54,8,1,13
BRDA:64,9,0,2
BRDA:64,9,1,1
BRDA:85,10,0,3
BRDA:85,10,1,3
BRDA:85,11,0,6
BRDA:85,11,1,4
BRDA:86,12,0,3
BRDA:86,12,1,2
BRDA:91,13,0,1
BRDA:91,13,1,2
BRDA:92,14,0,1
BRDA:92,14,1,2
BRDA:93,15,0,1
BRDA:93,15,1,2
BRDA:94,16,0,1
BRDA:94,16,1,2
BRDA:95,17,0,1
BRDA:95,17,1,2
BRDA:96,18,0,1
BRDA:96,18,1,2
BRDA:97,19,0,1
BRDA:97,19,1,2
BRF:38
BRH:38
end_of_record
